<?xml version="1.0" encoding="utf-8"?><testsuites name="pytest tests"><testsuite name="pytest" errors="0" failures="0" skipped="0" tests="6" time="1.521" timestamp="2026-09-15T04:12:36.761238+00:00" hostname="agent-env-7657c2c0-a2aa-48ca-a3f3-785f03490eb7"><testcase classname="tests.test_m2_dns_capability_rule" name="test_dns_capability_rule_added_additively_without_disturbing_existing_rules" time="0.159" /><testcase classname="tests.test_dns_diagnostics_receipts" name="test_receipt_unknown_nonce_reports_not_received" time="0.154" /><testcase classname="tests.test_dns_diagnostics_receipts" name="test_receipt_recorded_then_visible_on_poll" time="0.129" /><testcase classname="tests.test_m2_dns_capability_rule" name="test_config_exposes_website_gate_ruleset_id" time="0.134" /><testcase classname="tests.test_dns_diagnostics_receipts" name="test_receipt_first_arrival_time_is_kept_on_duplicate_post" time="0.080" /><testcase classname="tests.test_dns_diagnostics_receipts" name="test_receipt_rejects_malformed_nonce" time="0.082" /></testsuite></testsuites>