<?xml version="1.0" encoding="utf-8"?><testsuites name="pytest tests"><testsuite name="pytest" errors="0" failures="0" skipped="0" tests="11" time="1.347" timestamp="2026-09-06T08:40:18.021545+00:00" hostname="agent-env-7657c2c0-a2aa-48ca-a3f3-785f03490eb7"><testcase classname="tests.test_m1_iter5_freeze_guard.TestFreezeGuard" name="test_anonymous_sign_is_401" time="0.265" /><testcase classname="tests.test_m1_iter5_freeze_guard.TestBundleV25" name="test_latest_bundle_is_v25" time="0.269" /><testcase classname="tests.test_m1_iter5_freeze_guard.TestFreezeGuard" name="test_confirm_false_is_409" time="0.063" /><testcase classname="tests.test_m1_iter5_freeze_guard.TestBundleV25" name="test_latest_bundle_has_exactly_one_controlled_block_rule" time="0.068" /><testcase classname="tests.test_m1_iter5_freeze_guard.TestFreezeGuard" name="test_other_ruleset_is_403" time="0.063" /><testcase classname="tests.test_m1_iter5_freeze_guard.TestBundleV25" name="test_no_mongo_id_leak" time="0.108" /><testcase classname="tests.test_m1_iter5_freeze_guard.TestFreezeGuard" name="test_admin_confirm_true_matching_rule_is_409_bundle_frozen" time="0.107" /><testcase classname="tests.test_m1_iter5_freeze_guard.TestHealthConfig" name="test_health" time="0.063" /><testcase classname="tests.test_m1_iter5_freeze_guard.TestFreezeGuard" name="test_admin_confirm_true_conflicting_rule_is_still_409_bundle_frozen" time="0.066" /><testcase classname="tests.test_m1_iter5_freeze_guard.TestHealthConfig" name="test_config_controlled_endpoint_and_frozen_version" time="0.063" /><testcase classname="tests.test_m1_iter5_freeze_guard.TestFreezeGuard" name="test_bundle_still_v25_after_all_guard_attempts" time="0.065" /></testsuite></testsuites>