<?xml version="1.0" encoding="utf-8"?><testsuites name="pytest tests"><testsuite name="pytest" errors="0" failures="0" skipped="0" tests="14" time="2.383" timestamp="2026-09-12T05:43:48.097245+00:00" hostname="agent-env-7657c2c0-a2aa-48ca-a3f3-785f03490eb7"><testcase classname="tests.test_m2_dns_capability_rule.TestM2WebsiteGateBundle" name="test_latest_bundle_status_200" time="0.239" /><testcase classname="tests.test_m2_dns_capability_rule.TestM1FrozenBundleUnaffected" name="test_m1_bundle_status_200" time="0.185" /><testcase classname="tests.test_m2_dns_capability_rule.TestM1FrozenBundleUnaffected" name="test_m1_bundle_version_frozen_at_25" time="0.151" /><testcase classname="tests.test_m2_dns_capability_rule.TestM2WebsiteGateBundle" name="test_bundle_version_is_4" time="0.160" /><testcase classname="tests.test_m2_dns_capability_rule.TestConfigEndpoint" name="test_config_status_200" time="0.149" /><testcase classname="tests.test_m2_dns_capability_rule.TestM2WebsiteGateBundle" name="test_bundle_has_exactly_4_rules" time="0.116" /><testcase classname="tests.test_m2_dns_capability_rule.TestConfigEndpoint" name="test_config_website_gate_ruleset_id" time="0.126" /><testcase classname="tests.test_m2_dns_capability_rule.TestM2WebsiteGateBundle" name="test_all_expected_rule_ids_present" time="0.162" /><testcase classname="tests.test_m2_dns_capability_rule.TestM2WebsiteGateBundle" name="test_dns_capability_rule_fields" time="0.143" /><testcase classname="tests.test_m2_dns_capability_rule.TestM2WebsiteGateBundle" name="test_blocktest_rule_unchanged" time="0.158" /><testcase classname="tests.test_m2_dns_capability_rule.TestM2WebsiteGateBundle" name="test_signature_and_key_id_present" time="0.110" /><testcase classname="tests.test_m2_dns_capability_rule.TestM2WebsiteGateBundle" name="test_payload_hash_present" time="0.152" /><testcase classname="tests.test_m2_dns_capability_rule.TestM2WebsiteGateBundle" name="test_payload_hash_matches_recomputed" time="0.113" /><testcase classname="tests.test_m2_dns_capability_rule.TestM2WebsiteGateBundle" name="test_signature_verifiable_via_verify_bundle" time="0.118" /></testsuite></testsuites>