<?xml version="1.0" encoding="utf-8"?><testsuites name="pytest tests"><testsuite name="pytest" errors="0" failures="0" skipped="1" tests="132" time="4.098" timestamp="2026-09-06T08:40:47.973099+00:00" hostname="agent-env-7657c2c0-a2aa-48ca-a3f3-785f03490eb7"><testcase classname="tests.cross_platform.test_modified_field_rejections" name="test_single_field_modification[schemaVersion-1.0]" time="0.003" /><testcase classname="tests.cross_platform.test_python_kotlin_swift_parity_manifest" name="test_manifest[jcs/valid_signature_bundle.json-None]" time="0.003" /><testcase classname="tests.cross_platform.test_modified_field_rejections" name="test_single_field_modification[rulesetId-gd-m1-controlled-blocks]" time="0.001" /><testcase classname="tests.cross_platform.test_python_kotlin_swift_parity_manifest" name="test_manifest[jcs/invalid_signature_bundle.json-SIGNATURE_INVALID]" time="0.001" /><testcase classname="tests.cross_platform.test_modified_field_rejections" name="test_single_field_modification[bundleVersion-4]" time="0.001" /><testcase classname="tests.cross_platform.test_modified_field_rejections" name="test_single_field_modification[issuedAt-2026-06-02T00:00:00Z]" time="0.001" /><testcase classname="tests.cross_platform.test_modified_field_rejections" name="test_single_field_modification[expiresAt-2027-06-02T00:00:00Z]" time="0.001" /><testcase classname="tests.cross_platform.test_python_kotlin_swift_parity_manifest" name="test_manifest[jcs/modified_payload_bundle.json-SIGNATURE_INVALID]" time="0.001" /><testcase classname="tests.cross_platform.test_python_kotlin_swift_parity_manifest" name="test_manifest[jcs/modified_expiry_bundle.json-SIGNATURE_INVALID]" time="0.001" /><testcase classname="tests.cross_platform.test_python_kotlin_swift_parity_manifest" name="test_manifest[jcs/modified_bundle_version_bundle.json-SIGNATURE_INVALID]" time="0.001" /><testcase classname="tests.cross_platform.test_python_kotlin_swift_parity_manifest" name="test_manifest[jcs/modified_ruleset_id_bundle.json-SIGNATURE_INVALID]" time="0.001" /><testcase classname="tests.cross_platform.test_modified_field_rejections" name="test_single_field_modification[keyId-gd-m1-test-ed25519-001x]" time="0.000" /><testcase classname="tests.cross_platform.test_modified_field_rejections" name="test_single_field_modification[payloadHash-ffffffffffffffffffffffffffffffffffffffffffffffffffffffffffffffff]" time="0.000" /><testcase classname="tests.cross_platform.test_python_kotlin_swift_parity_manifest" name="test_manifest[jcs/modified_key_id_bundle.json-UNKNOWN_KEY]" time="0.000" /><testcase classname="tests.cross_platform.test_modified_field_rejections" name="test_payload_rule_modification[host-x.example]" time="0.000" /><testcase classname="tests.cross_platform.test_python_kotlin_swift_parity_manifest" name="test_manifest[jcs/invalid_payload_hash_bundle.json-PAYLOAD_HASH_MISMATCH]" time="0.000" /><testcase classname="tests.cross_platform.test_modified_field_rejections" name="test_payload_rule_modification[action-allow]" time="0.000" /><testcase classname="tests.cross_platform.test_python_kotlin_swift_parity_manifest" name="test_manifest[signing/valid_bundle.json-None]" time="0.001" /><testcase classname="tests.cross_platform.test_modified_field_rejections" name="test_payload_rule_modification[ruleId-z]" time="0.000" /><testcase classname="tests.cross_platform.test_python_kotlin_swift_parity_manifest" name="test_manifest[signing/tampered_payload_bundle.json-PAYLOAD_HASH_MISMATCH]" time="0.000" /><testcase classname="tests.cross_platform.test_modified_field_rejections" name="test_payload_rule_modification[category-other]" time="0.000" /><testcase classname="tests.cross_platform.test_python_kotlin_swift_parity_manifest" name="test_manifest[signing/expired_bundle.json-EXPIRED]" time="0.001" /><testcase classname="tests.cross_platform.test_modified_field_rejections" name="test_added_rule_rejected" time="0.000" /><testcase classname="tests.cross_platform.test_python_kotlin_swift_parity_manifest" name="test_manifest[signing/unknown_key_bundle.json-UNKNOWN_KEY]" time="0.000" /><testcase classname="tests.test_google_webrisk_adapter" name="test_unconfigured_provider_is_unavailable_not_safe" time="0.001" /><testcase classname="tests.cross_platform.test_python_kotlin_swift_parity_manifest" name="test_manifest[signing/rollback_bundle.json-ROLLBACK]" time="0.001" /><testcase classname="tests.test_google_webrisk_adapter" name="test_no_match_returns_allow_and_sends_only_sanitized_uri" time="0.023" /><testcase classname="tests.cross_platform.test_python_kotlin_swift_parity_manifest" name="test_modified_key_id_with_rollover_key_trusted_is_signature_invalid" time="0.000" /><testcase classname="tests.cross_platform.test_python_kotlin_swift_parity_manifest" name="test_manifest_md_lists_every_fixture" time="0.000" /><testcase classname="tests.test_rule_conflicts" name="test_duplicate_rule_ids_rejected" time="0.000" /><testcase classname="tests.test_rule_conflicts" name="test_equivalent_hosts_with_conflicting_actions_rejected[Example.com-example.COM]" time="0.000" /><testcase classname="tests.test_rule_conflicts" name="test_equivalent_hosts_with_conflicting_actions_rejected[example.com.-example.com]" time="0.000" /><testcase classname="tests.test_rule_conflicts" name="test_equivalent_hosts_with_conflicting_actions_rejected[b\xfccher.example-xn--bcher-kva.example]" time="0.002" /><testcase classname="tests.test_rule_conflicts" name="test_equivalent_hosts_with_conflicting_actions_rejected[B\xdcCHER.example-b\xfccher.example]" time="0.001" /><testcase classname="tests.test_rule_conflicts" name="test_equivalent_hosts_with_conflicting_actions_rejected[XN--BCHER-KVA.example-b\xfccher.example.]" time="0.000" /><testcase classname="tests.test_rule_conflicts" name="test_equivalent_duplicate_same_action_rejected" time="0.000" /><testcase classname="tests.test_rule_conflicts" name="test_invalid_host_rejected" time="0.000" /><testcase classname="tests.test_rule_conflicts" name="test_valid_rules_are_canonicalized" time="0.000" /><testcase classname="tests.test_google_webrisk_adapter" name="test_match_maps_to_neutral_categories" time="0.021" /><testcase classname="tests.test_google_webrisk_adapter" name="test_failures_raise_unavailable[400]" time="0.022" /><testcase classname="tests.test_google_webrisk_adapter" name="test_failures_raise_unavailable[403]" time="0.021" /><testcase classname="tests.test_rule_conflicts" name="test_sign_endpoint_reports_conflicts" time="0.081" /><testcase classname="tests.test_google_webrisk_adapter" name="test_failures_raise_unavailable[429]" time="0.021" /><testcase classname="tests.test_rule_signing" name="test_valid_bundle_accepted" time="0.001" /><testcase classname="tests.test_rule_signing" name="test_rejections[tampered_payload_bundle.json-PAYLOAD_HASH_MISMATCH]" time="0.000" /><testcase classname="tests.test_rule_signing" name="test_rejections[expired_bundle.json-EXPIRED]" time="0.001" /><testcase classname="tests.test_rule_signing" name="test_rejections[unknown_key_bundle.json-UNKNOWN_KEY]" time="0.000" /><testcase classname="tests.test_rule_signing" name="test_signature_covers_full_unsigned_envelope" time="0.001" /><testcase classname="tests.test_rule_signing" name="test_schema_is_strict" time="0.000" /><testcase classname="tests.test_rule_signing" name="test_pinned_public_key_matches_env_private_key" time="0.000" /><testcase classname="tests.test_google_webrisk_adapter" name="test_failures_raise_unavailable[500]" time="0.022" /><testcase classname="tests.test_google_webrisk_adapter" name="test_failures_raise_unavailable[503]" time="0.022" /><testcase classname="tests.test_google_webrisk_adapter" name="test_failures_raise_unavailable[504]" time="0.022" /><testcase classname="tests.test_rule_signing" name="test_backend_signs_and_serves_controlled_block_bundle" time="0.080" /><testcase classname="tests.test_google_webrisk_adapter" name="test_timeout_raises_unavailable" time="0.021" /><testcase classname="tests.test_m1_endpoints_integration.TestRules" name="test_latest_bundle_and_independent_signature_verification" time="0.287" /><testcase classname="tests.test_rule_signing" name="test_sign_endpoint_requires_admin_and_increments_version" time="0.081" /><testcase classname="tests.test_signing_guard" name="test_anonymous_signing_is_impossible" time="0.078" /><testcase classname="tests.test_signing_guard" name="test_confirmation_required" time="0.078" /><testcase classname="tests.test_m1_endpoints_integration.TestRules" name="test_latest_unknown_ruleset_404" time="0.066" /><testcase classname="tests.test_signing_guard" name="test_ruleset_allowlist" time="0.101" /><testcase classname="tests.test_m1_endpoints_integration.TestRules" name="test_versions_no_mongo_id" time="0.068" /><testcase classname="tests.test_signing_guard" name="test_controlled_block_cannot_be_silently_replaced" time="0.077" /><testcase classname="tests.test_m1_endpoints_integration.TestRules" name="test_sign_requires_admin" time="0.068" /><testcase classname="tests.test_signing_guard" name="test_signing_disabled_deployment" time="0.075" /><testcase classname="tests.test_m1_endpoints_integration.TestRules" name="test_final_controlled_bundle_is_single_block_rule" time="0.067" /><testcase classname="tests.test_signing_guard" name="test_frozen_bundle_refuses_resign_of_controlled_ruleset_only" time="0.079" /><testcase classname="tests.test_signing_guard" name="test_private_key_material_never_printed_or_logged" time="0.000" /><testcase classname="tests.test_m1_endpoints_integration.TestRules" name="test_sign_without_confirm_is_refused" time="0.065" /><testcase classname="tests.test_signing_guard" name="test_public_surfaces_never_expose_private_key" time="0.073" /><testcase classname="tests.test_m1_endpoints_integration.TestRules" name="test_sign_rule_conflict_422" time="0.131" /><testcase classname="tests.test_url_sanitization_privacy" name="test_host_vectors_parity" time="0.001" /><testcase classname="tests.test_url_sanitization_privacy" name="test_url_vectors_parity" time="0.001" /><testcase classname="tests.test_url_sanitization_privacy" name="test_sanitized_url_strips_secrets_but_original_remains_analyzable" time="0.000" /><testcase classname="tests.test_url_sanitization_privacy" name="test_log_filter_redacts_urls" time="0.000" /><testcase classname="tests.test_url_sanitization_privacy" name="test_lookup_endpoint_local_rule_first_then_sanitized_cloud_only_when_unresolved" time="0.076" /><testcase classname="tests.test_m1_iter5_freeze_guard.TestFreezeGuard" name="test_anonymous_sign_is_401" time="0.125" /><testcase classname="tests.test_url_sanitization_privacy" name="test_lookup_uses_cloud_then_cache_when_provider_configured" time="0.099" /><testcase classname="tests.test_m1_iter5_freeze_guard.TestFreezeGuard" name="test_confirm_false_is_409" time="0.063" /><testcase classname="tests.test_url_sanitization_privacy" name="test_provider_outage_yields_unavailable_degraded" time="0.102" /><testcase classname="tests.test_m1_iter4_post_resign.TestSigningGuardsNonMutating" name="test_anonymous_is_401" time="0.151" /><testcase classname="tests.test_m1_iter5_freeze_guard.TestFreezeGuard" name="test_other_ruleset_is_403" time="0.064" /><testcase classname="tests.test_m1_iter5_freeze_guard.TestFreezeGuard" name="test_admin_confirm_true_matching_rule_is_409_bundle_frozen" time="0.104" /><testcase classname="tests.test_m1_iter4_post_resign.TestSigningGuardsNonMutating" name="test_wrong_token_is_401" time="0.109" /><testcase classname="tests.test_m1_iter5_freeze_guard.TestFreezeGuard" name="test_admin_confirm_true_conflicting_rule_is_still_409_bundle_frozen" time="0.104" /><testcase classname="tests.test_m1_iter4_post_resign.TestSigningGuardsNonMutating" name="test_admin_without_confirm_is_409" time="0.073" /><testcase classname="tests.test_m1_iter5_freeze_guard.TestFreezeGuard" name="test_bundle_still_v25_after_all_guard_attempts" time="0.064" /><testcase classname="tests.test_m1_iter4_post_resign.TestSigningGuardsNonMutating" name="test_other_ruleset_with_confirm_is_403" time="0.107" /><testcase classname="tests.test_jcs_canonicalization" name="test_canonical_bytes_match_committed_fixture" time="0.000" /><testcase classname="tests.test_jcs_canonicalization" name="test_rfc8785_properties" time="0.000" /><testcase classname="tests.test_jcs_canonicalization" name="test_key_order_is_utf16_code_unit_order" time="0.000" /><testcase classname="tests.test_m1_endpoints_integration.TestIntelligence" name="test_lookup_controlled_host_block_local_signed_rules" time="0.111" /><testcase classname="tests.test_m1_iter4_post_resign.TestSigningGuardsNonMutating" name="test_bundle_still_v25_after_guard_tests" time="0.160" /><testcase classname="tests.test_m1_endpoints_integration.TestIntelligence" name="test_lookup_unknown_host_unknown_degraded_fail_open" time="0.063" /><testcase classname="tests.test_m1_endpoints_integration.TestIntelligence" name="test_lookup_invalid_scheme_422" time="0.064" /><testcase classname="tests.test_m1_iter5_freeze_guard.TestBundleV25" name="test_latest_bundle_is_v25" time="0.137" /><testcase classname="tests.test_keys_metadata" name="test_keys_endpoint_exposes_public_metadata_only" time="0.076" /><testcase classname="tests.test_keys_metadata" name="test_key_rollover_unknown_then_introduced_then_retired" time="0.001" /><testcase classname="tests.test_keys_metadata" name="test_retire_secondary_key_via_api" time="0.078" /><testcase classname="tests.test_m1_iter5_freeze_guard.TestBundleV25" name="test_latest_bundle_has_exactly_one_controlled_block_rule" time="0.059" /><testcase classname="tests.test_m1_signing_hardening.TestSigningPreconditions" name="test_confirm_missing_returns_409" time="0.172" /><testcase classname="tests.test_m1_iter5_freeze_guard.TestBundleV25" name="test_no_mongo_id_leak" time="0.059" /><testcase classname="tests.test_m1_signing_hardening.TestControlledConfigurationGuard" name="test_controlled_block_cannot_be_replaced_with_unrelated_rule" time="0.241" /><testcase classname="tests.test_m1_signing_hardening.TestSigningPreconditions" name="test_confirm_false_returns_409" time="0.059" /><testcase classname="tests.test_m1_signing_hardening.TestSigningPreconditions" name="test_ruleset_not_on_allowlist_returns_403" time="0.057" /><testcase classname="tests.test_rollback_protection" name="test_correctly_signed_older_bundle_rejected_when_rollback_prohibited" time="0.001" /><testcase classname="tests.test_rollback_protection" name="test_same_version_is_rollback" time="0.001" /><testcase classname="tests.test_rollback_protection" name="test_frozen_clock_controls_expiry_and_not_before" time="0.001" /><testcase classname="tests.cross_platform.test_bundle_fixture_generation" name="test_regeneration_is_byte_identical" time="0.004" /><testcase classname="tests.cross_platform.test_bundle_fixture_generation" name="test_valid_bundle_targets_controlled_host_via_rule_not_hardcode" time="0.000" /><testcase classname="tests.test_m1_endpoints_integration.TestHealthConfig" name="test_health" time="0.182" /><testcase classname="tests.test_m1_signing_hardening.TestControlledConfigurationGuard" name="test_controlled_host_flipped_to_allow_is_rejected" time="0.135" /><testcase classname="tests.test_m1_endpoints_integration.TestHealthConfig" name="test_config" time="0.061" /><testcase classname="tests.test_m1_signing_hardening.TestControlledConfigurationGuard" name="test_frozen_bundle_refuses_even_a_valid_resign" time="0.307" /><testcase classname="tests.test_m1_iter4_post_resign.TestIntelligence" name="test_controlled_host_block_sanitized" time="0.159" /><testcase classname="tests.test_m1_iter4_post_resign.TestIntelligence" name="test_unknown_host_unknown_degraded" time="0.112" /><testcase classname="tests.test_m1_iter5_freeze_guard.TestHealthConfig" name="test_health" time="0.127" /><testcase classname="tests.test_m1_signing_hardening.TestSigningAuth" name="test_anonymous_signing_rejected" time="0.117" /><testcase classname="tests.test_m1_iter5_freeze_guard.TestHealthConfig" name="test_config_controlled_endpoint_and_frozen_version" time="0.067" /><testcase classname="tests.test_m1_signing_hardening.TestSigningAuth" name="test_wrong_admin_token_rejected" time="0.102" /><testcase classname="tests.test_m1_signing_hardening.TestPublicSurfaceSecretLeaks" name="test_public_endpoints_never_leak_private_seed_or_admin_token" time="0.317" /><testcase classname="tests.test_m1_endpoints_integration.TestKeys" name="test_keys_list" time="0.166" /><testcase classname="tests.test_m1_iter3_real_endpoint.TestConfigRealEndpoint" name="test_controlled_endpoint_real" time="0.002" /><testcase classname="tests.test_m1_iter3_real_endpoint.TestIntelligenceLookupRealHost" name="test_block_from_local_signed_rules" time="0.003" /><testcase classname="tests.test_m1_iter4_post_resign.TestConfig" name="test_no_private_material_and_signing_metadata" time="0.113" /><testcase classname="tests.test_m1_signing_hardening.TestPublicSurfaceSecretLeaks" name="test_config_signing_metadata_and_placeholder_flag" time="0.059" /><testcase classname="tests.test_m1_iter4_post_resign.TestBundleV25" name="test_bundle_v25_exact_and_signature_verifies_with_pinned_pub" time="0.071" /><testcase classname="tests.test_m1_iter3_real_endpoint.TestBundleResigned" name="test_bundle_version_and_hosts" time="0.002" /><testcase classname="tests.test_m1_iter4_post_resign.TestKeys" name="test_keys_pinned_and_no_private_material" time="0.149" /><testcase classname="tests.test_m1_iter4_post_resign.TestVersions" name="test_max_version_25_no_mongo_id" time="0.055" /><testcase classname="tests.test_m1_signing_hardening.TestSigningHappyPath" name="test_valid_sign_increments_and_canonicalizes_and_preserves_controlled" time="0.000"><skipped type="pytest.skip" message="would resign the frozen M1 controlled bundle">/app/backend/tests/test_m1_signing_hardening.py:121: would resign the frozen M1 controlled bundle</skipped></testcase><testcase classname="tests.test_m1_signing_hardening.TestBackendLogsNoSeed" name="test_supervisor_backend_logs_do_not_contain_private_seed" time="0.005" /></testsuite></testsuites>