<?xml version="1.0" encoding="utf-8"?><testsuites name="pytest tests"><testsuite name="pytest" errors="0" failures="0" skipped="0" tests="8" time="6.419" timestamp="2026-09-05T11:40:20.525912+00:00" hostname="agent-env-c344520a-3bf7-4318-a5a2-68836b7a4140"><testcase classname="tests.test_gate2_message.TestMessageExtract" name="test_image_too_short_422" time="0.250" /><testcase classname="tests.test_gate2_message.TestMessageAnalyse" name="test_commbank_acceptance_with_second_opinion" time="5.812" /><testcase classname="tests.test_gate2_message.TestMessageExtract" name="test_valid_png_200_with_shape" time="5.362" /><testcase classname="tests.test_gate2_message.TestPatrolEventsGate2" name="test_upsert_and_list_message_event" time="0.094" /><testcase classname="tests.test_gate2_message.TestMessageAnalyse" name="test_second_opinion_false_no_explanation" time="0.047" /><testcase classname="tests.test_gate2_message.TestMessageAnalyse" name="test_text_empty_422" time="0.050" /><testcase classname="tests.test_gate2_message.TestMessageAnalyse" name="test_local_state_invalid_422" time="0.050" /><testcase classname="tests.test_gate2_message.TestMessageAnalyse" name="test_known_bad_url_malicious" time="0.134" /></testsuite></testsuites>