<?xml version="1.0" encoding="utf-8"?><testsuites name="pytest tests"><testsuite name="pytest" errors="0" failures="0" skipped="0" tests="10" time="2.709" timestamp="2026-09-05T09:48:20.388253+00:00" hostname="agent-env-c344520a-3bf7-4318-a5a2-68836b7a4140"><testcase classname="tests.test_iter4_guardian_ack.TestGuardianReplyFlow" name="test_01_pair" time="0.268" /><testcase classname="tests.test_iter4_guardian_ack.TestGuardianReplyFlow" name="test_02_link" time="0.057" /><testcase classname="tests.test_iter4_guardian_ack.TestGuardianReplyFlow" name="test_03_post_patrol_event" time="0.054" /><testcase classname="tests.test_iter4_guardian_ack.TestGuardianReplyFlow" name="test_04_fanout_visible_to_guardian" time="1.057" /><testcase classname="tests.test_iter4_guardian_ack.TestGuardianReplyFlow" name="test_05_ack_called" time="0.062" /><testcase classname="tests.test_iter4_guardian_ack.TestGuardianReplyFlow" name="test_06_shared_events_shows_ack" time="0.054" /><testcase classname="tests.test_iter4_guardian_ack.TestGuardianReplyFlow" name="test_07_protected_sees_ack_in_acks" time="0.048" /><testcase classname="tests.test_iter4_guardian_ack.TestGuardianReplyFlow" name="test_08_ack_wrong_guardian_404" time="0.057" /><testcase classname="tests.test_iter4_guardian_ack.TestGuardianReplyFlow" name="test_09_ack_bogus_reply_422" time="0.050" /><testcase classname="tests.test_iter4_guardian_ack.TestGuardianReplyFlow" name="test_10_ack_messaged_updates_label" time="0.108" /></testsuite></testsuites>