<?xml version="1.0" encoding="utf-8"?><testsuites name="pytest tests"><testsuite name="pytest" errors="0" failures="0" skipped="0" tests="9" time="2.814" timestamp="2026-09-06T08:10:21.251668+00:00" hostname="agent-env-c344520a-3bf7-4318-a5a2-68836b7a4140"><testcase classname="tests.test_voice" name="test_speak_returns_playable_mp3_and_caches" time="0.429" /><testcase classname="tests.test_family_weekly_push.TestWeeklyCheckinApi" name="test_register_stores_tz_offset" time="0.336" /><testcase classname="tests.test_family_weekly_push.TestWeeklyCheckinApi" name="test_pref_default_on_and_toggle" time="0.271" /><testcase classname="tests.test_voice" name="test_speak_validation" time="0.412" /><testcase classname="tests.test_family_weekly_push.TestWeeklyCheckinApi" name="test_preview_text_matches_screen_wording" time="0.559" /><testcase classname="tests.test_family_nudge.TestNudgeApi" name="test_preview_names_everyone_watched" time="0.536" /><testcase classname="tests.test_family_weekly_push.TestWeeklyCheckinApi" name="test_send_now_without_relay_is_friendly_error" time="0.330" /><testcase classname="tests.test_family_nudge.TestNudgeScheduler" name="test_only_tuesday_window_and_only_missed" time="0.468" /><testcase classname="tests.test_family_weekly_push.TestWeeklyCheckinScheduler" name="test_window_and_week_key" time="0.442" /></testsuite></testsuites>