<?xml version="1.0" encoding="utf-8"?><testsuites name="pytest tests"><testsuite name="pytest" errors="0" failures="0" skipped="0" tests="16" time="6.580" timestamp="2026-09-05T09:21:02.592226+00:00" hostname="agent-env-c344520a-3bf7-4318-a5a2-68836b7a4140"><testcase classname="tests.test_family.TestPairing" name="test_create_pair" time="0.291" /><testcase classname="tests.test_family.TestGuardians" name="test_add_guardian" time="0.681" /><testcase classname="tests.test_family.TestPairing" name="test_link_device" time="0.058" /><testcase classname="tests.test_family.TestPairing" name="test_reuse_code_404" time="0.054" /><testcase classname="tests.test_family.TestPairing" name="test_link_own_device_400" time="0.097" /><testcase classname="tests.test_family.TestPairing" name="test_links_i_watch" time="0.049" /><testcase classname="tests.test_family.TestPairing" name="test_links_watching_me" time="0.050" /><testcase classname="tests.test_family.TestConfirmToken" name="test_confirm_valid_token" time="0.322" /><testcase classname="tests.test_family.TestGuardians" name="test_list_guardians" time="0.048" /><testcase classname="tests.test_family.TestGuardians" name="test_add_second_and_third" time="1.084" /><testcase classname="tests.test_family.TestConfirmToken" name="test_confirm_invalid_token" time="0.058" /><testcase classname="tests.test_family.TestSharedEvents" name="test_barking_event_shared" time="2.603" /><testcase classname="tests.test_family.TestGuardians" name="test_fourth_guardian_400" time="0.052" /><testcase classname="tests.test_family.TestGuardians" name="test_invalid_email_422" time="0.044" /><testcase classname="tests.test_family.TestGuardians" name="test_delete_guardian" time="0.097" /><testcase classname="tests.test_family.TestSharedEvents" name="test_resting_event_not_shared" time="2.104" /></testsuite></testsuites>