<?xml version="1.0" encoding="utf-8"?><testsuites name="pytest tests"><testsuite name="pytest" errors="0" failures="0" skipped="0" tests="14" time="6.438" timestamp="2026-09-20T05:56:35.100061+00:00" hostname="agent-env-c344520a-3bf7-4318-a5a2-68836b7a4140"><testcase classname="tests.test_enforcement_evidence_gate.TestEnforcementEvidenceGate" name="test_state_biting_with_no_evidence_at_all_is_rejected_not_silently_stored" time="0.459" /><testcase classname="tests.test_enforcement_evidence_gate.TestEnforcementEvidenceGate" name="test_state_biting_with_unverified_result_is_rejected_even_with_a_real_mechanism" time="0.225" /><testcase classname="tests.test_enforcement_evidence_gate.TestEnforcementEvidenceGate" name="test_state_biting_with_simulated_mechanism_is_rejected_even_if_result_says_verified" time="0.260" /><testcase classname="tests.test_enforcement_evidence_gate.TestEnforcementEvidenceGate" name="test_state_biting_with_none_mechanism_is_rejected" time="0.289" /><testcase classname="tests.test_enforcement_evidence_gate.TestEnforcementEvidenceGate" name="test_state_biting_with_a_monitored_or_allowed_action_is_rejected" time="0.536" /><testcase classname="tests.test_enforcement_evidence_gate.TestEnforcementEvidenceGate" name="test_state_biting_with_evidence_naming_a_different_device_is_rejected" time="0.379" /><testcase classname="tests.test_enforcement_evidence_gate.TestEnforcementEvidenceGate" name="test_manual_block_tap_rule_activation_is_rejected_not_persisted_as_biting" time="0.368" /><testcase classname="tests.test_enforcement_evidence_gate.TestEnforcementEvidenceGate" name="test_fully_valid_evidence_authorises_a_verified_block_and_persists_state_biting" time="0.359" /><testcase classname="tests.test_enforcement_evidence_gate.TestEnforcementEvidenceGate" name="test_evidence_with_no_device_id_named_is_still_valid_everywhere_else" time="0.269" /><testcase classname="tests.test_enforcement_evidence_gate.TestEnforcementEvidenceGate" name="test_non_biting_states_are_never_gated_by_the_biting_invariant" time="1.165" /><testcase classname="tests.test_enforcement_evidence_gate.TestEnforcementEvidenceGate" name="test_re_upserting_the_same_event_as_barking_without_evidence_downgrades_it_from_a_prior_verified_block" time="0.510" /><testcase classname="tests.test_enforcement_evidence_gate.TestEnforcementEvidenceGate" name="test_patch_cannot_promote_a_barking_event_straight_to_biting" time="0.522" /><testcase classname="tests.test_enforcement_evidence_gate.TestEnforcementEvidenceGate" name="test_patch_can_touch_other_fields_on_an_already_verified_biting_event" time="0.375" /><testcase classname="tests.test_enforcement_evidence_gate.TestEnforcementEvidenceGate" name="test_patch_can_no_longer_set_verified_block_directly" time="0.359" /></testsuite></testsuites>