<?xml version="1.0" encoding="utf-8"?><testsuites name="pytest tests"><testsuite name="pytest" errors="0" failures="1" skipped="0" tests="17" time="6.196" timestamp="2026-09-05T09:01:42.385077+00:00" hostname="agent-env-c344520a-3bf7-4318-a5a2-68836b7a4140"><testcase classname="tests.test_apollo_backend" name="test_health" time="0.245" /><testcase classname="tests.test_benchmark" name="test_batch_shape" time="0.039" /><testcase classname="tests.test_benchmark" name="test_clean_set_false_positives" time="0.000" /><testcase classname="tests.test_benchmark" name="test_blocklisted_threats_detected" time="0.000" /><testcase classname="tests.test_benchmark" name="test_write_report" time="0.000" /><testcase classname="tests.test_apollo_backend" name="test_intel_status" time="0.054" /><testcase classname="tests.test_apollo_backend" name="test_device_register" time="0.107" /><testcase classname="tests.test_apollo_backend" name="test_intel_check_malicious" time="0.053"><failure message="assert True is False">tests/test_apollo_backend.py:70: in test_intel_check_malicious
    assert data["cached"] is False
E   assert True is False</failure></testcase><testcase classname="tests.test_apollo_backend" name="test_intel_check_cached" time="0.050" /><testcase classname="tests.test_apollo_backend" name="test_intel_check_unknown" time="0.051" /><testcase classname="tests.test_apollo_backend" name="test_intel_check_invalid_scheme" time="0.050" /><testcase classname="tests.test_apollo_backend" name="test_patrol_upsert_and_idempotent" time="0.157" /><testcase classname="tests.test_apollo_backend" name="test_patrol_patch" time="0.053" /><testcase classname="tests.test_apollo_backend" name="test_patrol_soft_delete" time="0.101" /><testcase classname="tests.test_apollo_backend" name="test_trust_add_list_revoke" time="0.207" /><testcase classname="tests.test_apollo_backend" name="test_ask_stream_sse" time="4.677" /><testcase classname="tests.test_apollo_backend" name="test_ask_history" time="0.052" /></testsuite></testsuites>