<?xml version="1.0" encoding="utf-8"?><testsuites name="pytest tests"><testsuite name="pytest" errors="0" failures="0" skipped="0" tests="3" time="1.721" timestamp="2026-09-05T12:52:31.842755+00:00" hostname="agent-env-c344520a-3bf7-4318-a5a2-68836b7a4140"><testcase classname="tests.test_iter13_patrol_race" name="test_concurrent_upsert_same_event_id" time="0.436" /><testcase classname="tests.test_iter13_patrol_race" name="test_sequential_upsert_updates_fields" time="0.455" /><testcase classname="tests.test_iter13_patrol_race" name="test_stress_5x_concurrent_no_500" time="0.384" /></testsuite></testsuites>