<?xml version="1.0" encoding="utf-8"?><testsuites name="pytest tests"><testsuite name="pytest" errors="0" failures="0" skipped="0" tests="9" time="8.147" timestamp="2026-09-05T13:18:42.408173+00:00" hostname="agent-env-c344520a-3bf7-4318-a5a2-68836b7a4140"><testcase classname="tests.test_gate7_app.TestPatrolAppDeviceEvents" name="test_create_event[app-A01]" time="0.345" /><testcase classname="tests.test_gate7_app.TestAppAnalyse" name="test_remote_access_tool_flagged" time="0.251" /><testcase classname="tests.test_gate7_app.TestAppAnalyse" name="test_brand_impersonation_off_store" time="0.140" /><testcase classname="tests.test_gate7_app.TestPatrolAppDeviceEvents" name="test_create_event[device-D02]" time="0.195" /><testcase classname="tests.test_gate7_app.TestAppAnalyse" name="test_brand_from_official_store_not_impersonation" time="0.160" /><testcase classname="tests.test_gate7_app.TestAppAnalyse" name="test_security_vendor_recognised" time="0.128" /><testcase classname="tests.test_gate7_app.TestAppAnalyse" name="test_hosts_checked_against_intel" time="0.107" /><testcase classname="tests.test_gate7_app.TestAppAnalyse" name="test_validation_rejects_empty_name" time="0.125" /><testcase classname="tests.test_gate7_app.TestAppAnalyse" name="test_second_opinion_never_errors" time="6.910" /></testsuite></testsuites>