<?xml version="1.0" encoding="utf-8"?><testsuites name="pytest tests"><testsuite name="pytest" errors="0" failures="0" skipped="0" tests="48" time="9.527" timestamp="2026-09-07T05:28:44.083610+00:00" hostname="agent-env-c344520a-3bf7-4318-a5a2-68836b7a4140"><testcase classname="tests.test_admin.TestAdminOperations" name="test_stats_shape" time="0.209" /><testcase classname="tests.test_failure_modes.TestSafeBrowsingDegradation" name="test_timeout_is_unavailable" time="0.001" /><testcase classname="tests.test_failure_modes.TestSafeBrowsingDegradation" name="test_auth_error_is_unavailable_and_short_circuits" time="0.001" /><testcase classname="tests.test_failure_modes.TestSafeBrowsingDegradation" name="test_unreadable_json_is_unavailable" time="0.000" /><testcase classname="tests.test_failure_modes.TestSafeBrowsingDegradation" name="test_wrong_shape_is_unavailable_not_clear[body0]" time="0.000" /><testcase classname="tests.test_failure_modes.TestSafeBrowsingDegradation" name="test_wrong_shape_is_unavailable_not_clear[ok]" time="0.000" /><testcase classname="tests.test_failure_modes.TestSafeBrowsingDegradation" name="test_wrong_shape_is_unavailable_not_clear[body2]" time="0.000" /><testcase classname="tests.test_failure_modes.TestSafeBrowsingDegradation" name="test_wrong_shape_is_unavailable_not_clear[42]" time="0.000" /><testcase classname="tests.test_failure_modes.TestSafeBrowsingDegradation" name="test_5xx_is_unavailable" time="0.001" /><testcase classname="tests.test_failure_modes.TestSafeBrowsingDegradation" name="test_garbage_inside_matches_does_not_crash" time="0.000" /><testcase classname="tests.test_failure_modes.TestSafeBrowsingDegradation" name="test_well_formed_clear_is_clear" time="0.001" /><testcase classname="tests.test_device_auth.TestCredentialLifecycle" name="test_register_is_server_issued_and_unique" time="0.356" /><testcase classname="tests.test_admin.TestAdminOperations" name="test_devices_listing_never_leaks_token_hashes" time="0.398" /><testcase classname="tests.test_device_auth.TestCredentialLifecycle" name="test_missing_or_malformed_credentials_fail_closed_401" time="0.675" /><testcase classname="tests.test_admin.TestAdminOperations" name="test_revoke_from_console_kills_the_device_credential" time="0.769" /><testcase classname="tests.test_device_auth.TestCredentialLifecycle" name="test_rotation_is_atomic_and_old_token_dies" time="0.515" /><testcase classname="tests.test_admin.TestAdminOperations" name="test_blocklist_add_changes_verdicts_immediately_and_remove_restores" time="1.206" /><testcase classname="tests.test_device_auth.TestCredentialLifecycle" name="test_revocation" time="0.375" /><testcase classname="tests.test_device_auth.TestCredentialLifecycle" name="test_public_paths_stay_public" time="0.222" /><testcase classname="tests.test_device_auth.TestTokenLifecycle" name="test_expired_token_is_rejected_and_recovery_is_a_new_identity" time="0.608" /><testcase classname="tests.test_admin.TestAdminOperations" name="test_blocklist_rejects_non_domains" time="0.481" /><testcase classname="tests.test_device_auth.TestTokenLifecycle" name="test_concurrent_rotation_only_one_winner" time="0.311" /><testcase classname="tests.test_admin.TestAdminOperations" name="test_feedback_listing" time="0.112" /><testcase classname="tests.test_device_auth.TestTokenLifecycle" name="test_revoked_device_never_regains_access" time="0.675" /><testcase classname="tests.test_failure_modes.TestCombine" name="test_all_clear_is_clean_full" time="0.000" /><testcase classname="tests.test_failure_modes.TestCombine" name="test_any_unavailable_source_forbids_clean" time="0.000" /><testcase classname="tests.test_failure_modes.TestCombine" name="test_everything_down_is_unknown_none" time="0.000" /><testcase classname="tests.test_failure_modes.TestCombine" name="test_match_survives_a_degraded_source" time="0.000" /><testcase classname="tests.test_family_weekly_push.TestWeeklyCheckinApi" name="test_register_stores_tz_offset" time="0.215" /><testcase classname="tests.test_family_weekly_push.TestWeeklyCheckinApi" name="test_pref_default_on_and_toggle" time="0.344" /><testcase classname="tests.test_family_weekly_push.TestWeeklyCheckinApi" name="test_preview_text_matches_screen_wording" time="1.007" /><testcase classname="tests.test_device_auth.TestTokenLifecycle" name="test_email_confirm_link_is_single_use_and_expires" time="1.063" /><testcase classname="tests.test_family_weekly_push.TestWeeklyCheckinApi" name="test_send_now_without_relay_is_friendly_error" time="0.581" /><testcase classname="tests.test_admin.TestAdminKeyBoundary" name="test_missing_and_wrong_key_are_generic_401" time="0.342" /><testcase classname="tests.test_admin.TestAdminKeyBoundary" name="test_right_key_works" time="0.119" /><testcase classname="tests.test_admin.TestAdminKeyBoundary" name="test_device_bearer_cannot_open_admin" time="0.235" /><testcase classname="tests.test_device_auth.TestOwnershipEnforcement" name="test_device_id_in_query_path_and_body_must_match_token" time="0.814" /><testcase classname="tests.test_admin.TestAdminKeyBoundary" name="test_admin_key_cannot_open_device_routes" time="0.225" /><testcase classname="tests.test_failure_modes.TestHttpFailureClasses" name="test_malformed_request_is_a_4xx_not_a_5xx" time="0.229" /><testcase classname="tests.test_failure_modes.TestHttpFailureClasses" name="test_public_health_needs_no_credential" time="0.127" /><testcase classname="tests.test_voice" name="test_speak_returns_playable_mp3_and_caches" time="0.599" /><testcase classname="tests.test_device_auth.TestOwnershipEnforcement" name="test_family_flow_with_two_authenticated_devices" time="1.200" /><testcase classname="tests.test_voice" name="test_speak_validation" time="0.395" /><testcase classname="tests.test_failure_modes.TestStaleCacheNeverServedAsFresh" name="test_expired_cache_row_is_ignored" time="0.295" /><testcase classname="tests.test_device_auth.TestOwnershipEnforcement" name="test_legacy_device_ids_cannot_be_claimed" time="0.112" /><testcase classname="tests.test_family_nudge.TestNudgeApi" name="test_preview_names_everyone_watched" time="0.921" /><testcase classname="tests.test_family_weekly_push.TestWeeklyCheckinScheduler" name="test_window_and_week_key" time="0.138" /><testcase classname="tests.test_family_nudge.TestNudgeScheduler" name="test_only_tuesday_window_and_only_missed" time="0.154" /></testsuite></testsuites>