<?xml version="1.0" encoding="utf-8"?><testsuites name="pytest tests"><testsuite name="pytest" errors="0" failures="0" skipped="0" tests="14" time="1.953" timestamp="2026-09-05T10:14:46.009795+00:00" hostname="agent-env-c344520a-3bf7-4318-a5a2-68836b7a4140"><testcase classname="tests.test_iter6_push.TestRegisterPushValidation" name="test_short_user_id_returns_422" time="0.295" /><testcase classname="tests.test_iter6_push.TestFamilyPairingAndAck" name="test_01_pair" time="0.231" /><testcase classname="tests.test_iter6_push.TestFamilyPairingAndAck" name="test_02_link" time="0.049" /><testcase classname="tests.test_iter6_push.TestFamilyPairingAndAck" name="test_03_patrol_event_and_fanout" time="1.120" /><testcase classname="tests.test_iter6_push.TestRegisterPushValidation" name="test_bad_platform_returns_422" time="0.047" /><testcase classname="tests.test_iter6_push.TestRegisterPushValidation" name="test_short_device_token_returns_422" time="0.044" /><testcase classname="tests.test_iter6_push.TestPatrolEventsBackground" name="test_biting_with_background_true_returns_200_and_persists" time="0.091" /><testcase classname="tests.test_iter6_push.TestPatrolEventsBackground" name="test_background_defaults_to_false_when_omitted" time="0.045" /><testcase classname="tests.test_iter6_push.TestPatrolEventsBackground" name="test_barking_with_background_true_returns_200" time="0.043" /><testcase classname="tests.test_iter6_push.TestRegisterPushDev" name="test_valid_body_returns_500_placeholder_key" time="0.052" /><testcase classname="tests.test_iter6_push.TestFamilyPairingAndAck" name="test_04_ack_called_returns_label" time="0.069" /><testcase classname="tests.test_iter6_push.TestFamilyPairingAndAck" name="test_05_protected_sees_ack" time="0.046" /><testcase classname="tests.test_iter6_push.TestFamilyPairingAndAck" name="test_06_shared_events_shows_acknowledged" time="0.068" /><testcase classname="tests.test_iter6_push.TestFamilyPairingAndAck" name="test_07_ack_unknown_event_returns_404" time="0.051" /></testsuite></testsuites>