<?xml version="1.0" encoding="utf-8"?><testsuites name="pytest tests"><testsuite name="pytest" errors="0" failures="0" skipped="0" tests="10" time="2.348" timestamp="2026-09-12T06:10:05.430172+00:00" hostname="agent-env-c344520a-3bf7-4318-a5a2-68836b7a4140"><testcase classname="tests.test_email_guard.TestMessageAnalyseEnrichment" name="test_google_redirect_has_domain_info_and_chain_fields_present" time="0.823" /><testcase classname="tests.test_email_guard.TestIntelCheckRegression" name="test_clean_domain_expand_false" time="0.662" /><testcase classname="tests.test_email_guard.TestIntelCheckRegression" name="test_clean_domain_expand_true_with_domain_info" time="0.169" /><testcase classname="tests.test_email_guard.TestMessageAnalyseEnrichment" name="test_known_malicious_url_still_flagged_with_new_fields" time="0.215" /><testcase classname="tests.test_email_guard.TestIntelCheckRegression" name="test_malicious_domain_expand_true" time="0.212" /><testcase classname="tests.test_email_guard.TestMessageAnalyseEnrichment" name="test_multiple_urls_concurrent_ok" time="0.665" /><testcase classname="tests.test_email_guard.TestIntelCheckRegression" name="test_domain_indicator_type_expand_ignored" time="0.151" /><testcase classname="tests.test_email_guard.TestGmailExtractContent" name="test_anchor_mismatch_extracted_from_synthetic_message" time="0.275" /><testcase classname="tests.test_email_guard.TestGmailExtractContent" name="test_multipart_message_with_plain_and_html" time="0.001" /><testcase classname="tests.test_email_guard.TestGmailExtractContent" name="test_no_html_part_no_anchors" time="0.001" /></testsuite></testsuites>