<?xml version="1.0" encoding="utf-8"?><testsuites name="pytest tests"><testsuite name="pytest" errors="0" failures="0" skipped="0" tests="9" time="10.247" timestamp="2026-09-09T09:33:15.700316+00:00" hostname="agent-env-c344520a-3bf7-4318-a5a2-68836b7a4140"><testcase classname="tests.test_gate3_page_crawl.TestPageCrawlSSRF" name="test_private_target_blocked_fast[http://127.0.0.1:8001/api/health]" time="0.471" /><testcase classname="tests.test_gate3_page_crawl.TestPageCrawlInvalid" name="test_bad_tld_degrades_gracefully" time="2.317" /><testcase classname="tests.test_gate3_page_crawl.TestPageCrawlSSRF" name="test_private_target_blocked_fast[http://localhost:8001/api/health]" time="0.104" /><testcase classname="tests.test_gate3_page_crawl.TestPageCrawlSSRF" name="test_private_target_blocked_fast[http://169.254.169.254/]" time="0.105" /><testcase classname="tests.test_gate3_page_crawl.TestPageCrawlHappyPath" name="test_real_benign_url" time="4.885" /><testcase classname="tests.test_gate3_page_crawl.TestPageCrawlInvalid" name="test_non_http_scheme_rejected" time="0.296" /><testcase classname="tests.test_gate3_page_crawl.TestPageCrawlInvalid" name="test_missing_device_id_rejected" time="0.197" /><testcase classname="tests.test_gate3_page_crawl.TestPageCrawlInvalid" name="test_empty_url_rejected" time="0.197" /><testcase classname="tests.test_gate3_page_crawl.TestPageCrawlHappyPath" name="test_real_url_strava_docs" time="4.338" /></testsuite></testsuites>