<?xml version="1.0" encoding="utf-8"?><testsuites name="pytest tests"><testsuite name="pytest" errors="0" failures="0" skipped="0" tests="2" time="0.023" timestamp="2026-09-20T05:35:28.592711+00:00" hostname="agent-env-c344520a-3bf7-4318-a5a2-68836b7a4140"><testcase classname="frontend.tests.test_guarddog_acceptance_fixtures" name="test_current_valid_bundle_signature_scope_and_clock" time="0.001" /><testcase classname="frontend.tests.test_guarddog_acceptance_fixtures" name="test_tampered_expired_and_unknown_key_cases_fail_closed" time="0.001" /></testsuite></testsuites>