<?xml version="1.0" encoding="utf-8"?><testsuites name="pytest tests"><testsuite name="pytest" errors="0" failures="0" skipped="0" tests="5" time="9.979" timestamp="2026-09-08T01:43:45.403806+00:00" hostname="agent-env-c344520a-3bf7-4318-a5a2-68836b7a4140"><testcase classname="tests.test_family_unlink.TestUnlinkDevice" name="test_protected_person_removes_a_watcher" time="6.597" /><testcase classname="tests.test_family_unlink.TestUnlinkDevice" name="test_guardian_can_stop_watching_and_strangers_cannot_touch_a_link" time="1.236" /><testcase classname="tests.test_family_unlink.TestUnlinkDevice" name="test_repair_after_unlink_creates_a_fresh_link" time="0.788" /><testcase classname="tests.test_family_unlink.TestWatcherNames" name="test_guardian_name_travels_with_the_pairing_and_can_be_changed" time="0.806" /><testcase classname="tests.test_family_unlink.TestWatcherNames" name="test_pairing_without_a_name_keeps_the_neutral_label" time="0.538" /></testsuite></testsuites>