<?xml version="1.0" encoding="utf-8"?><testsuites name="pytest tests"><testsuite name="pytest" errors="0" failures="0" skipped="0" tests="4" time="9.234" timestamp="2026-09-05T12:17:12.672972+00:00" hostname="agent-env-c344520a-3bf7-4318-a5a2-68836b7a4140"><testcase classname="tests.test_gate3_page_extract.TestPageExtract" name="test_fake_virus_warning" time="5.659" /><testcase classname="tests.test_gate3_page_extract.TestPageExtract" name="test_plain_weather_article" time="3.139" /><testcase classname="tests.test_gate3_page_extract.TestPageExtract" name="test_short_image_base64_rejected" time="0.047" /><testcase classname="tests.test_gate3_page_extract.TestPageExtract" name="test_missing_device_id_rejected" time="0.058" /></testsuite></testsuites>