<?xml version="1.0" encoding="utf-8"?><testsuites name="pytest tests"><testsuite name="pytest" errors="0" failures="0" skipped="0" tests="15" time="0.936" timestamp="2026-09-20T04:54:33.071770+00:00" hostname="agent-env-c344520a-3bf7-4318-a5a2-68836b7a4140"><testcase classname="tests.test_p0_patrol_persistence" name="test_historical_call_biting_is_revalidated_and_persistently_downgraded" time="0.015" /><testcase classname="tests.test_p0_policy_regression" name="test_privacy_boundary_disabled_routes_fail_closed[/page/crawl-payload0]" time="0.004" /><testcase classname="tests.test_p0_policy_regression" name="test_privacy_boundary_disabled_routes_fail_closed[/message/extract-payload1]" time="0.002" /><testcase classname="tests.test_p0_policy_regression" name="test_privacy_boundary_disabled_routes_fail_closed[/imap/connections-payload2]" time="0.002" /><testcase classname="tests.test_p0_policy_regression" name="test_privacy_boundary_disabled_routes_fail_closed[/imap/scan-payload3]" time="0.002" /><testcase classname="tests.test_p0_policy_regression" name="test_privacy_boundary_disabled_routes_fail_closed[/account/breach-payload4]" time="0.002" /><testcase classname="tests.test_p0_policy_regression" name="test_privacy_boundary_disabled_routes_fail_closed[/call/risk-check-payload5]" time="0.002" /><testcase classname="tests.test_p0_patrol_persistence" name="test_identical_evidence_replay_returns_current_resolved_record_without_overwrite" time="0.030" /><testcase classname="tests.test_p0_policy_regression" name="test_message_analyse_accepts_local_only_and_rejects_raw_content" time="0.132" /><testcase classname="tests.test_p0_patrol_persistence" name="test_replacement_and_cross_event_reuse_conflict_with_concurrent_unique_bindings" time="0.072" /><testcase classname="tests.test_p0_mapper_e2e_fixture" name="test_frontend_mapper_payload_hits_live_patrol_once_and_rejects_changed_reuse" time="0.110" /><testcase classname="tests.test_p0_policy_regression" name="test_account_analyse_accepts_local_only_and_rejects_raw_content" time="0.017" /><testcase classname="tests.test_p0_policy_regression" name="test_call_screening_event_cannot_claim_biting_without_packet_evidence" time="0.010" /><testcase classname="tests.test_p0_policy_regression" name="test_call_screening_non_biting_persists_normally" time="0.019" /><testcase classname="tests.test_p0_policy_regression" name="test_evidence_receipt_idempotent_and_protects_reuse_with_changed_payload" time="0.035" /></testsuite></testsuites>