<?xml version="1.0" encoding="utf-8"?><testsuites name="pytest tests"><testsuite name="pytest" errors="0" failures="0" skipped="0" tests="7" time="0.736" timestamp="2026-09-20T12:00:41.297504+00:00" hostname="agent-env-c344520a-3bf7-4318-a5a2-68836b7a4140"><testcase classname="tests.test_investigation_fallback" name="test_genuine_looking_fallback_never_invents_a_supplied_link" time="0.001" /><testcase classname="tests.test_user_secret_redaction" name="test_login_secrets_are_redacted_but_risk_context_remains" time="0.001" /><testcase classname="tests.test_user_secret_redaction" name="test_password_reset_phrase_is_not_mistaken_for_a_secret_value" time="0.000" /><testcase classname="tests.test_investigation_fallback" name="test_money_request_without_link_uses_known_channel_action" time="0.000" /><testcase classname="tests.test_investigation_fallback" name="test_paypal_acceptance_extracts_callback_trap_without_claiming_account_truth" time="0.001" /><testcase classname="tests.test_user_secret_redaction" name="test_higgins_prompt_forbids_requesting_or_repeating_secrets" time="0.000" /><testcase classname="tests.test_investigation_fallback" name="test_country_code_never_becomes_caller_location_evidence" time="0.000" /></testsuite></testsuites>