<?xml version="1.0" encoding="utf-8"?><testsuites name="pytest tests"><testsuite name="pytest" errors="0" failures="0" skipped="0" tests="7" time="36.499" timestamp="2026-09-20T09:56:25.821620+00:00" hostname="agent-env-c344520a-3bf7-4318-a5a2-68836b7a4140"><testcase classname="tests.test_link_investigation" name="test_link_investigation_redacts_secrets_and_returns_higgins" time="7.696" /><testcase classname="tests.test_iter71_purpose_limited_contracts" name="test_link_investigation_contract_redaction_and_truth_state" time="10.501" /><testcase classname="tests.test_link_investigation" name="test_link_investigation_keeps_private_target_unresolved" time="24.408" /><testcase classname="tests.test_iter71_purpose_limited_contracts" name="test_link_investigation_private_target_ssrf_unavailable" time="9.361" /><testcase classname="tests.test_iter71_purpose_limited_contracts" name="test_link_investigation_uncertainty_and_action_are_present" time="8.500" /><testcase classname="tests.test_iter71_purpose_limited_contracts" name="test_account_analyse_contract_redaction_and_processing_fields" time="7.387" /><testcase classname="tests.test_iter71_purpose_limited_contracts" name="test_account_breach_contract_response_shape_and_truth_wording" time="0.421" /></testsuite></testsuites>