<?xml version="1.0" encoding="utf-8"?><testsuites name="pytest tests"><testsuite name="pytest" errors="0" failures="1" skipped="0" tests="222" time="169.071" timestamp="2026-09-09T00:02:42.556775+00:00" hostname="agent-env-c344520a-3bf7-4318-a5a2-68836b7a4140"><testcase classname="tests.test_apollo_backend" name="test_health" time="0.397" /><testcase classname="tests.test_iter33_api_regression" name="test_health_public" time="0.148" /><testcase classname="tests.test_iter33_api_regression" name="test_intel_status_public" time="0.208" /><testcase classname="tests.test_iter33_api_regression" name="test_docs_ui_loads" time="0.141" /><testcase classname="tests.test_apollo_backend" name="test_intel_status" time="0.092" /><testcase classname="tests.test_apollo_backend" name="test_device_register" time="0.160" /><testcase classname="tests.test_iter33_api_regression" name="test_unknown_api_path_returns_stable_status" time="0.161" /><testcase classname="tests.test_apollo_backend" name="test_intel_check_malicious" time="0.241" /><testcase classname="tests.test_iter33_api_regression" name="test_no_bearer_returns_401_with_www_authenticate" time="0.186" /><testcase classname="tests.test_apollo_backend" name="test_intel_check_cached" time="0.091" /><testcase classname="tests.test_apollo_backend" name="test_intel_check_unknown" time="0.276" /><testcase classname="tests.test_iter33_api_regression" name="test_devices_me_ok_with_bearer" time="0.356" /><testcase classname="tests.test_apollo_backend" name="test_intel_check_invalid_scheme" time="0.078" /><testcase classname="tests.test_apollo_backend" name="test_patrol_upsert_and_idempotent" time="0.283" /><testcase classname="tests.test_iter33_api_regression" name="test_patrol_events_cross_device_forbidden" time="0.363" /><testcase classname="tests.test_iter33_api_regression" name="test_patrol_events_own_device_ok" time="0.137" /><testcase classname="tests.test_apollo_backend" name="test_patrol_patch" time="0.130" /><testcase classname="tests.test_iter33_api_regression" name="test_intel_check_malicious_url" time="0.239" /><testcase classname="tests.test_apollo_backend" name="test_patrol_soft_delete" time="0.161" /><testcase classname="tests.test_apollo_backend" name="test_trust_add_list_revoke" time="0.370" /><testcase classname="tests.test_iter33_api_regression" name="test_intel_check_batch" time="0.255" /><testcase classname="tests.test_iter33_api_regression" name="test_feedback_created" time="0.275" /><testcase classname="tests.test_apollo_backend" name="test_ask_stream_sse" time="8.493" /><testcase classname="tests.test_iter33_api_regression" name="test_device_settings_put_and_get" time="1.416" /><testcase classname="tests.test_iter33_api_regression" name="test_register_push_placeholder" time="0.183" /><testcase classname="tests.test_iter33_api_regression" name="test_push_test_placeholder_returns_error_with_detail" time="0.150" /><testcase classname="tests.test_iter33_api_regression" name="test_admin_ping" time="0.135" /><testcase classname="tests.test_iter33_api_regression" name="test_admin_stats" time="0.145" /><testcase classname="tests.test_iter33_api_regression" name="test_admin_rejects_device_bearer" time="0.152" /><testcase classname="tests.test_iter33_api_regression" name="test_devices_me_rejects_admin_key" time="0.117" /><testcase classname="tests.test_enforcement_evidence_gate.TestEnforcementEvidenceGate" name="test_state_biting_with_no_evidence_at_all_is_rejected_not_silently_stored" time="0.485" /><testcase classname="tests.test_enforcement_evidence_gate.TestEnforcementEvidenceGate" name="test_state_biting_with_unverified_result_is_rejected_even_with_a_real_mechanism" time="0.270" /><testcase classname="tests.test_enforcement_evidence_gate.TestEnforcementEvidenceGate" name="test_state_biting_with_simulated_mechanism_is_rejected_even_if_result_says_verified" time="0.243" /><testcase classname="tests.test_enforcement_evidence_gate.TestEnforcementEvidenceGate" name="test_state_biting_with_none_mechanism_is_rejected" time="0.271" /><testcase classname="tests.test_enforcement_evidence_gate.TestEnforcementEvidenceGate" name="test_state_biting_with_a_monitored_or_allowed_action_is_rejected" time="0.666" /><testcase classname="tests.test_enforcement_evidence_gate.TestEnforcementEvidenceGate" name="test_state_biting_with_evidence_naming_a_different_device_is_rejected" time="0.575" /><testcase classname="tests.test_enforcement_evidence_gate.TestEnforcementEvidenceGate" name="test_manual_block_tap_rule_activation_is_rejected_not_persisted_as_biting" time="0.408" /><testcase classname="tests.test_enforcement_evidence_gate.TestEnforcementEvidenceGate" name="test_fully_valid_evidence_authorises_a_verified_block_and_persists_state_biting" time="0.470" /><testcase classname="tests.test_enforcement_evidence_gate.TestEnforcementEvidenceGate" name="test_evidence_with_no_device_id_named_is_still_valid_everywhere_else" time="0.308" /><testcase classname="tests.test_enforcement_evidence_gate.TestEnforcementEvidenceGate" name="test_non_biting_states_are_never_gated_by_the_biting_invariant" time="0.693" /><testcase classname="tests.test_enforcement_evidence_gate.TestEnforcementEvidenceGate" name="test_re_upserting_the_same_event_as_barking_without_evidence_downgrades_it_from_a_prior_verified_block" time="0.580" /><testcase classname="tests.test_enforcement_evidence_gate.TestEnforcementEvidenceGate" name="test_patch_cannot_promote_a_barking_event_straight_to_biting" time="0.609" /><testcase classname="tests.test_enforcement_evidence_gate.TestEnforcementEvidenceGate" name="test_patch_can_touch_other_fields_on_an_already_verified_biting_event" time="0.508" /><testcase classname="tests.test_apollo_backend" name="test_ask_history" time="0.072" /><testcase classname="tests.test_apollo_backend" name="test_intel_check_batch_mixed" time="0.155" /><testcase classname="tests.test_enforcement_evidence_gate.TestEnforcementEvidenceGate" name="test_patch_can_no_longer_set_verified_block_directly" time="7.708" /><testcase classname="tests.test_iter4_guardian_ack.TestGuardianReplyFlow" name="test_01_pair" time="7.426" /><testcase classname="tests.test_iter4_guardian_ack.TestGuardianReplyFlow" name="test_02_link" time="0.209" /><testcase classname="tests.test_failure_modes.TestSafeBrowsingDegradation" name="test_timeout_is_unavailable" time="0.001" /><testcase classname="tests.test_failure_modes.TestSafeBrowsingDegradation" name="test_auth_error_is_unavailable_and_short_circuits" time="0.001" /><testcase classname="tests.test_failure_modes.TestSafeBrowsingDegradation" name="test_unreadable_json_is_unavailable" time="0.000" /><testcase classname="tests.test_failure_modes.TestSafeBrowsingDegradation" name="test_wrong_shape_is_unavailable_not_clear[body0]" time="0.000" /><testcase classname="tests.test_failure_modes.TestSafeBrowsingDegradation" name="test_wrong_shape_is_unavailable_not_clear[ok]" time="0.000" /><testcase classname="tests.test_failure_modes.TestSafeBrowsingDegradation" name="test_wrong_shape_is_unavailable_not_clear[body2]" time="0.001" /><testcase classname="tests.test_failure_modes.TestSafeBrowsingDegradation" name="test_wrong_shape_is_unavailable_not_clear[42]" time="0.000" /><testcase classname="tests.test_failure_modes.TestSafeBrowsingDegradation" name="test_5xx_is_unavailable" time="0.001" /><testcase classname="tests.test_failure_modes.TestSafeBrowsingDegradation" name="test_garbage_inside_matches_does_not_crash" time="0.001" /><testcase classname="tests.test_failure_modes.TestSafeBrowsingDegradation" name="test_well_formed_clear_is_clear" time="0.000" /><testcase classname="tests.test_gate7_app.TestAppAnalyse" name="test_remote_access_tool_flagged" time="0.347" /><testcase classname="tests.test_iter4_guardian_ack.TestGuardianReplyFlow" name="test_03_post_patrol_event" time="0.080" /><testcase classname="tests.test_iter4_guardian_ack.TestGuardianReplyFlow" name="test_04_fanout_visible_to_guardian" time="1.070" /><testcase classname="tests.test_gate7_app.TestAppAnalyse" name="test_brand_impersonation_off_store" time="0.267" /><testcase classname="tests.test_gate7_app.TestAppAnalyse" name="test_brand_from_official_store_not_impersonation" time="0.264" /><testcase classname="tests.test_gate7_app.TestAppAnalyse" name="test_security_vendor_recognised" time="0.257" /><testcase classname="tests.test_gate7_app.TestAppAnalyse" name="test_hosts_checked_against_intel" time="0.455" /><testcase classname="tests.test_iter4_guardian_ack.TestGuardianReplyFlow" name="test_05_ack_called" time="0.091" /><testcase classname="tests.test_iter4_guardian_ack.TestGuardianReplyFlow" name="test_06_shared_events_shows_ack" time="0.065" /><testcase classname="tests.test_iter4_guardian_ack.TestGuardianReplyFlow" name="test_07_protected_sees_ack_in_acks" time="0.070" /><testcase classname="tests.test_iter4_guardian_ack.TestGuardianReplyFlow" name="test_08_ack_wrong_guardian_404" time="0.279" /><testcase classname="tests.test_gate7_app.TestAppAnalyse" name="test_validation_rejects_empty_name" time="0.297" /><testcase classname="tests.test_iter4_guardian_ack.TestGuardianReplyFlow" name="test_09_ack_bogus_reply_422" time="0.116" /><testcase classname="tests.test_iter4_guardian_ack.TestGuardianReplyFlow" name="test_10_ack_messaged_updates_label" time="0.185" /><testcase classname="tests.test_gate7_app.TestAppAnalyse" name="test_second_opinion_never_errors" time="7.868" /><testcase classname="tests.test_iter7_quiet_and_phone.TestFamilyPairPhone" name="test_pair_valid_phone" time="0.392" /><testcase classname="tests.test_iter7_quiet_and_phone.TestFamilyPairPhone" name="test_pair_invalid_phone_400" time="0.214" /><testcase classname="tests.test_iter7_quiet_and_phone.TestFamilyPairPhone" name="test_pair_omitted_phone_ok" time="0.286" /><testcase classname="tests.test_iter7_quiet_and_phone.TestFamilyPairPhone" name="test_link_and_links_includes_phone" time="0.381" /><testcase classname="tests.test_iter7_quiet_and_phone.TestFamilyPairPhone" name="test_override_phone_success" time="0.201" /><testcase classname="tests.test_iter7_quiet_and_phone.TestFamilyPairPhone" name="test_override_phone_unknown_link_404" time="0.231" /><testcase classname="tests.test_iter7_quiet_and_phone.TestFamilyPairPhone" name="test_shared_event_has_protected_id_and_phone" time="1.184" /><testcase classname="tests.test_admin.TestAdminOperations" name="test_stats_shape" time="0.202" /><testcase classname="tests.test_admin.TestAdminOperations" name="test_devices_listing_never_leaks_token_hashes" time="0.507" /><testcase classname="tests.test_admin.TestAdminOperations" name="test_revoke_from_console_kills_the_device_credential" time="0.869" /><testcase classname="tests.test_admin.TestAdminOperations" name="test_blocklist_add_changes_verdicts_immediately_and_remove_restores" time="1.270" /><testcase classname="tests.test_admin.TestAdminOperations" name="test_blocklist_rejects_non_domains" time="0.625" /><testcase classname="tests.test_admin.TestAdminOperations" name="test_feedback_listing" time="0.144" /><testcase classname="tests.test_family.TestGuardians" name="test_add_guardian" time="0.489" /><testcase classname="tests.test_family.TestGuardians" name="test_list_guardians" time="0.086" /><testcase classname="tests.test_family.TestGuardians" name="test_add_second_and_third" time="0.564" /><testcase classname="tests.test_family.TestGuardians" name="test_fourth_guardian_400" time="0.174" /><testcase classname="tests.test_iter6_push.TestFamilyPairingAndAck" name="test_01_pair" time="0.351" /><testcase classname="tests.test_family.TestGuardians" name="test_invalid_email_422" time="0.402" /><testcase classname="tests.test_iter6_push.TestFamilyPairingAndAck" name="test_02_link" time="0.275" /><testcase classname="tests.test_family.TestGuardians" name="test_delete_guardian" time="0.206" /><testcase classname="tests.test_iter6_push.TestFamilyPairingAndAck" name="test_03_patrol_event_and_fanout" time="1.186" /><testcase classname="tests.test_family.TestPairing" name="test_create_pair" time="0.086" /><testcase classname="tests.test_family.TestPairing" name="test_link_device" time="0.235" /><testcase classname="tests.test_family.TestPairing" name="test_reuse_code_404" time="0.079" /><testcase classname="tests.test_family.TestPairing" name="test_link_own_device_400" time="0.171" /><testcase classname="tests.test_family.TestPairing" name="test_links_i_watch" time="0.080" /><testcase classname="tests.test_family.TestPairing" name="test_links_watching_me" time="0.093" /><testcase classname="tests.test_device_auth.TestCredentialLifecycle" name="test_register_is_server_issued_and_unique" time="0.547" /><testcase classname="tests.test_iter6_push.TestFamilyPairingAndAck" name="test_04_ack_called_returns_label" time="0.074" /><testcase classname="tests.test_iter6_push.TestFamilyPairingAndAck" name="test_05_protected_sees_ack" time="0.070" /><testcase classname="tests.test_iter6_push.TestFamilyPairingAndAck" name="test_06_shared_events_shows_acknowledged" time="0.068" /><testcase classname="tests.test_device_auth.TestCredentialLifecycle" name="test_missing_or_malformed_credentials_fail_closed_401" time="0.645" /><testcase classname="tests.test_iter6_push.TestFamilyPairingAndAck" name="test_07_ack_unknown_event_returns_404" time="0.067" /><testcase classname="tests.test_gate2_message.TestMessageAnalyse" name="test_commbank_acceptance_with_second_opinion" time="13.692" /><testcase classname="tests.test_device_auth.TestCredentialLifecycle" name="test_rotation_is_atomic_and_old_token_dies" time="0.515" /><testcase classname="tests.test_device_auth.TestCredentialLifecycle" name="test_revocation" time="0.516" /><testcase classname="tests.test_device_auth.TestCredentialLifecycle" name="test_public_paths_stay_public" time="0.225" /><testcase classname="tests.test_gate4_call.TestPatrolCallEvents" name="test_create_call_event_returns_200" time="0.377" /><testcase classname="tests.test_gate4_call.TestPatrolCallEvents" name="test_call_event_persists_and_listed" time="0.485" /><testcase classname="tests.test_gate4_call.TestPatrolCallEvents" name="test_call_event_upsert_updates" time="0.353" /><testcase classname="tests.test_gate4_call.TestPatrolCallEvents" name="test_call_event_with_claimed_brand" time="0.310" /><testcase classname="tests.test_gate4_call.TestPatrolCallEvents" name="test_call_event_rejects_bad_state" time="0.409" /><testcase classname="tests.test_gate8_account.TestAccountAnalyse" name="test_off_domain_malicious_link_flagged" time="0.345" /><testcase classname="tests.test_gate8_account.TestAccountAnalyse" name="test_official_domain_match_is_suffix_safe" time="0.430" /><testcase classname="tests.test_gate8_account.TestAccountAnalyse" name="test_password_values_are_scrubbed" time="0.270" /><testcase classname="tests.test_gate8_account.TestAccountAnalyse" name="test_validation" time="0.336" /><testcase classname="tests.test_gate8_account.TestAccountAnalyse" name="test_second_opinion_never_errors" time="6.444" /><testcase classname="tests.test_iter7_quiet_and_phone.TestQuietHoursSettings" name="test_unknown_device_returns_defaults" time="0.297" /><testcase classname="tests.test_iter7_quiet_and_phone.TestQuietHoursSettings" name="test_put_settings_echoes_body" time="0.233" /><testcase classname="tests.test_iter7_quiet_and_phone.TestQuietHoursSettings" name="test_quiet_now_true_when_window_includes_current_utc" time="0.285" /><testcase classname="tests.test_iter7_quiet_and_phone.TestQuietHoursSettings" name="test_quiet_now_false_when_window_excludes_current_utc" time="0.285" /><testcase classname="tests.test_iter7_quiet_and_phone.TestQuietHoursSettings" name="test_overnight_wrap_1320_to_420" time="0.325" /><testcase classname="tests.test_admin.TestAdminKeyBoundary" name="test_missing_and_wrong_key_are_generic_401" time="0.484" /><testcase classname="tests.test_admin.TestAdminKeyBoundary" name="test_right_key_works" time="0.195" /><testcase classname="tests.test_admin.TestAdminKeyBoundary" name="test_device_bearer_cannot_open_admin" time="0.274" /><testcase classname="tests.test_gate2_message.TestMessageAnalyse" name="test_second_opinion_false_no_explanation" time="0.083" /><testcase classname="tests.test_gate2_message.TestMessageAnalyse" name="test_text_empty_422" time="0.087" /><testcase classname="tests.test_gate2_message.TestMessageAnalyse" name="test_local_state_invalid_422" time="0.086" /><testcase classname="tests.test_admin.TestAdminKeyBoundary" name="test_admin_key_cannot_open_device_routes" time="0.261" /><testcase classname="tests.test_gate2_message.TestMessageAnalyse" name="test_known_bad_url_malicious" time="0.126" /><testcase classname="tests.test_device_auth.TestTokenLifecycle" name="test_expired_token_is_rejected_and_recovery_is_a_new_identity" time="0.577" /><testcase classname="tests.test_device_auth.TestTokenLifecycle" name="test_concurrent_rotation_only_one_winner" time="0.431" /><testcase classname="tests.test_device_auth.TestTokenLifecycle" name="test_revoked_device_never_regains_access" time="0.925" /><testcase classname="tests.test_device_auth.TestTokenLifecycle" name="test_email_confirm_link_is_single_use_and_expires" time="2.239" /><testcase classname="tests.test_failure_modes.TestCombine" name="test_all_clear_is_clean_full" time="0.000" /><testcase classname="tests.test_failure_modes.TestCombine" name="test_any_unavailable_source_forbids_clean" time="0.000" /><testcase classname="tests.test_failure_modes.TestCombine" name="test_everything_down_is_unknown_none" time="0.000" /><testcase classname="tests.test_failure_modes.TestCombine" name="test_match_survives_a_degraded_source" time="0.000" /><testcase classname="tests.test_family_weekly_push.TestWeeklyCheckinApi" name="test_register_stores_tz_offset" time="0.257" /><testcase classname="tests.test_benchmark" name="test_batch_shape" time="4.135" /><testcase classname="tests.test_benchmark" name="test_clean_set_false_positives" time="0.000" /><testcase classname="tests.test_benchmark" name="test_blocklisted_threats_detected" time="0.000" /><testcase classname="tests.test_benchmark" name="test_write_report" time="0.001" /><testcase classname="tests.test_gate3_intel_feedback.TestIntelCheckExpand" name="test_shortener_expand_true" time="0.485" /><testcase classname="tests.test_family_weekly_push.TestWeeklyCheckinApi" name="test_pref_default_on_and_toggle" time="0.575" /><testcase classname="tests.test_gate3_intel_feedback.TestIntelCheckExpand" name="test_shortener_expand_false" time="0.085" /><testcase classname="tests.test_gate3_intel_feedback.TestIntelCheckExpand" name="test_known_malicious_expand_true" time="0.213" /><testcase classname="tests.test_family_weekly_push.TestWeeklyCheckinApi" name="test_preview_text_matches_screen_wording" time="1.025" /><testcase classname="tests.test_gate3_intel_feedback.TestIntelCheckExpand" name="test_non_redirecting_expand_true" time="1.708" /><testcase classname="tests.test_family_weekly_push.TestWeeklyCheckinApi" name="test_send_now_without_relay_is_friendly_error" time="0.668" /><testcase classname="tests.test_device_auth.TestOwnershipEnforcement" name="test_device_id_in_query_path_and_body_must_match_token" time="5.250" /><testcase classname="tests.test_gate3_page_extract.TestPageExtract" name="test_fake_virus_warning" time="17.520" /><testcase classname="tests.test_device_auth.TestOwnershipEnforcement" name="test_family_flow_with_two_authenticated_devices" time="5.454" /><testcase classname="tests.test_device_auth.TestOwnershipEnforcement" name="test_legacy_device_ids_cannot_be_claimed" time="0.091" /><testcase classname="tests.test_family_incidents.TestFamilyIncidents" name="test_share_without_links_is_zero" time="20.754" /><testcase classname="tests.test_gate3_page_extract.TestPageExtract" name="test_plain_weather_article" time="3.388" /><testcase classname="tests.test_gate3_page_extract.TestPageExtract" name="test_short_image_base64_rejected" time="0.238" /><testcase classname="tests.test_gate3_page_extract.TestPageExtract" name="test_missing_device_id_rejected" time="0.077" /><testcase classname="tests.test_family_unlink.TestUnlinkDevice" name="test_protected_person_removes_a_watcher" time="6.376" /><testcase classname="tests.test_family_unlink.TestUnlinkDevice" name="test_guardian_can_stop_watching_and_strangers_cannot_touch_a_link" time="1.467" /><testcase classname="tests.test_family_unlink.TestUnlinkDevice" name="test_repair_after_unlink_creates_a_fresh_link" time="1.055" /><testcase classname="tests.test_family_voice.TestVoiceNote" name="test_guardian_records_and_mum_can_play_with_a_ticket" time="2.190" /><testcase classname="tests.test_family_incidents.TestFamilyIncidents" name="test_share_progress_list_get" time="1.303" /><testcase classname="tests.test_family_voice.TestVoiceNote" name="test_tickets_are_note_bound_and_expire_and_strangers_get_nothing" time="2.349" /><testcase classname="tests.test_family_incidents.TestFamilyIncidents" name="test_validation" time="0.372" /><testcase classname="tests.test_gate3_intel_feedback.TestFeedback" name="test_valid_feedback_created" time="0.274" /><testcase classname="tests.test_gate3_intel_feedback.TestFeedback" name="test_invalid_kind_422" time="0.086" /><testcase classname="tests.test_gate3_intel_feedback.TestFeedback" name="test_missing_event_id_422" time="0.077" /><testcase classname="tests.test_iter17_email.TestEmailPatrol" name="test_health" time="0.113" /><testcase classname="tests.test_iter17_email.TestEmailPatrol" name="test_patrol_event_email_e01" time="0.794" /><testcase classname="tests.test_iter17_email.TestEmailPatrol" name="test_message_analyse_used_by_email" time="6.223" /><testcase classname="tests.test_family_voice.TestVoiceNote" name="test_upload_guardrails" time="2.593" /><testcase classname="tests.test_iter13_patrol_race" name="test_concurrent_upsert_same_event_id" time="0.425" /><testcase classname="tests.test_iter13_patrol_race" name="test_sequential_upsert_updates_fields" time="0.635" /><testcase classname="tests.test_iter13_patrol_race" name="test_stress_5x_concurrent_no_500" time="0.666" /><testcase classname="tests.test_iter6_push.TestPatrolEventsBackground" name="test_biting_with_background_true_returns_200_and_persists" time="0.346" /><testcase classname="tests.test_iter6_push.TestPatrolEventsBackground" name="test_background_defaults_to_false_when_omitted" time="0.213" /><testcase classname="tests.test_iter6_push.TestPatrolEventsBackground" name="test_barking_with_background_true_returns_200" time="0.265" /><testcase classname="tests.test_iter7_quiet_and_phone.TestPatrolPushSuppression" name="test_growling_bg_true_in_quiet_hours_suppressed" time="1.947" /><testcase classname="tests.test_iter6_push.TestRegisterPushValidation" name="test_foreign_user_id_is_forbidden" time="0.279" /><testcase classname="tests.test_iter6_push.TestRegisterPushValidation" name="test_bad_platform_returns_422" time="0.215" /><testcase classname="tests.test_iter6_push.TestRegisterPushValidation" name="test_short_device_token_returns_422" time="0.074" /><testcase classname="tests.test_admin.TestAuditTrail" name="test_every_console_action_is_logged_with_actor_and_visible_in_stats" time="1.283" /><testcase classname="tests.test_iter7_quiet_and_phone.TestPatrolPushSuppression" name="test_barking_bg_true_in_quiet_hours_not_suppressed" time="1.935" /><testcase classname="tests.test_admin.TestAuditTrail" name="test_audit_needs_the_admin_key_and_failed_attempts_write_nothing" time="0.741" /><testcase classname="tests.test_failure_modes.TestHttpFailureClasses" name="test_malformed_request_is_a_4xx_not_a_5xx" time="0.321" /><testcase classname="tests.test_failure_modes.TestHttpFailureClasses" name="test_public_health_needs_no_credential" time="0.109" /><testcase classname="tests.test_iter7_quiet_and_phone.TestPatrolPushSuppression" name="test_growling_bg_false_no_push_attempt" time="1.819"><failure message="AssertionError: provider = gemini&#10;  2026-09-09 00:03:52,360 - LiteLLM - INFO - &#10;  LiteLLM completion() model= gemini-3-flash-preview; provider = gemini&#10;  2026-09-09 00:03:56,578 - apollo - WARNING - guardian push failed (non-blocking): HTTPException&#10;  2026-09-09 00:04:05,451 - apollo - WARNING - incident push failed (non-blocking): HTTPException&#10;  2026-09-09 00:04:05,966 - apollo - WARNING - voice note push failed (non-blocking): HTTPException&#10;  2026-09-09 00:04:06,685 - apollo - WARNING - incident push failed (non-blocking): HTTPException&#10;  2026-09-09 00:04:07,666 - apollo - WARNING - incident push failed (non-blocking): HTTPException&#10;  2026-09-09 00:04:08,069 - apollo - WARNING - voice note push failed (non-blocking): HTTPException&#10;  #x1B[92m00:04:09 - LiteLLM:INFO#x1B[0m: utils.py:3427 - &#10;  LiteLLM completion() model= gemini-3-flash-preview; provider = gemini&#10;  2026-09-09 00:04:09,215 - LiteLLM - INFO - &#10;  LiteLLM completion() model= gemini-3-flash-preview; provider = gemini&#10;  2026-09-09 00:04:09,952 - apollo - WARNING - incident push failed (non-blocking): HTTPException&#10;  2026-09-09 00:04:13,813 - apollo - WARNING - owner push failed (non-blocking): HTTPException&#10;  2026-09-09 00:04:14,368 - apollo - WARNING - owner push failed (non-blocking): HTTPException&#10;  2026-09-09 00:04:14,814 - apollo - INFO - growling push suppressed by quiet hours&#10;  2026-09-09 00:04:16,756 - apollo - WARNING - owner push failed (non-blocking): HTTPException&#10;  2026-09-09 00:04:19,139 - apollo - WARNING - guardian push failed (non-blocking): HTTPException&#10;  &#10;assert 'owner push ...on-blocking)' not in 'd (non-bloc...PException\n'&#10;  &#10;  'owner push failed (non-blocking)' is contained here:&#10;    WARNING - owner push failed (non-blocking): HTTPException&#10;    2026-09-08 23:59:42,213 - apollo - WARNING - owner push failed (non-blocking): HTTPException&#10;    #x1B[92m23:59:42 - LiteLLM:INFO#x1B[0m: utils.py:3427 - &#10;    LiteLLM completion() model= gemini-3-flash-preview; provider = gemini&#10;    2026-09-08 23:59:42,546 - LiteLLM - INFO - ...&#10;  &#10;  ...Full output truncated (99 lines hidden), use '-vv' to show">self = &lt;test_iter7_quiet_and_phone.TestPatrolPushSuppression object at 0xfd42afba9f50&gt;
s = &lt;requests.sessions.Session object at 0xfd42ada796d0&gt;

    def test_growling_bg_false_no_push_attempt(self, s):
        dev = f"dev-qh-grow-fg-{uuid.uuid4().hex[:10]}"
        # Disable quiet hours to isolate the background=False branch
        s.put(f"{API}/devices/{dev}/settings", json={"quiet_hours": {
            "enabled": False, "start_minutes": 1320, "end_minutes": 420,
            "tz_offset_minutes": 0
        }})
        before = _log_tail()
        r = s.post(f"{API}/patrol/events", json=self._payload(dev, "growling", False))
        assert r.status_code == 200, r.text
        time.sleep(1.5)
        after = _log_tail()
        added = after[len(before):] if after.startswith(before) else after
        # No owner-push side-effects at all for foreground growling
&gt;       assert "owner push failed (non-blocking)" not in added, added[-1500:]
E       AssertionError: provider = gemini
E         2026-09-09 00:03:52,360 - LiteLLM - INFO - 
E         LiteLLM completion() model= gemini-3-flash-preview; provider = gemini
E         2026-09-09 00:03:56,578 - apollo - WARNING - guardian push failed (non-blocking): HTTPException
E         2026-09-09 00:04:05,451 - apollo - WARNING - incident push failed (non-blocking): HTTPException
E         2026-09-09 00:04:05,966 - apollo - WARNING - voice note push failed (non-blocking): HTTPException
E         2026-09-09 00:04:06,685 - apollo - WARNING - incident push failed (non-blocking): HTTPException
E         2026-09-09 00:04:07,666 - apollo - WARNING - incident push failed (non-blocking): HTTPException
E         2026-09-09 00:04:08,069 - apollo - WARNING - voice note push failed (non-blocking): HTTPException
E         #x1B[92m00:04:09 - LiteLLM:INFO#x1B[0m: utils.py:3427 - 
E         LiteLLM completion() model= gemini-3-flash-preview; provider = gemini
E         2026-09-09 00:04:09,215 - LiteLLM - INFO - 
E         LiteLLM completion() model= gemini-3-flash-preview; provider = gemini
E         2026-09-09 00:04:09,952 - apollo - WARNING - incident push failed (non-blocking): HTTPException
E         2026-09-09 00:04:13,813 - apollo - WARNING - owner push failed (non-blocking): HTTPException
E         2026-09-09 00:04:14,368 - apollo - WARNING - owner push failed (non-blocking): HTTPException
E         2026-09-09 00:04:14,814 - apollo - INFO - growling push suppressed by quiet hours
E         2026-09-09 00:04:16,756 - apollo - WARNING - owner push failed (non-blocking): HTTPException
E         2026-09-09 00:04:19,139 - apollo - WARNING - guardian push failed (non-blocking): HTTPException
E         
E       assert 'owner push ...on-blocking)' not in 'd (non-bloc...PException\n'
E         
E         'owner push failed (non-blocking)' is contained here:
E           WARNING - owner push failed (non-blocking): HTTPException
E           2026-09-08 23:59:42,213 - apollo - WARNING - owner push failed (non-blocking): HTTPException
E           #x1B[92m23:59:42 - LiteLLM:INFO#x1B[0m: utils.py:3427 - 
E           LiteLLM completion() model= gemini-3-flash-preview; provider = gemini
E           2026-09-08 23:59:42,546 - LiteLLM - INFO - ...
E         
E         ...Full output truncated (99 lines hidden), use '-vv' to show

tests/test_iter7_quiet_and_phone.py:209: AssertionError</failure></testcase><testcase classname="tests.test_family.TestSharedEvents" name="test_barking_event_shared" time="3.422" /><testcase classname="tests.test_family.TestConfirmToken" name="test_confirm_valid_token" time="0.758" /><testcase classname="tests.test_family.TestConfirmToken" name="test_confirm_invalid_token" time="0.109" /><testcase classname="tests.test_family_notes.TestFamilyNotes" name="test_preset_and_custom_notes_visible_to_both" time="57.047" /><testcase classname="tests.test_family.TestSharedEvents" name="test_resting_event_not_shared" time="2.290" /><testcase classname="tests.test_family_checkin.TestCheckinReply" name="test_reply_visible_to_both_and_upserts_per_week" time="54.129" /><testcase classname="tests.test_family_notes.TestFamilyNotes" name="test_validation" time="1.315" /><testcase classname="tests.test_family_checkin.TestCheckinReply" name="test_validation" time="1.001" /><testcase classname="tests.test_family_voice.TestVoiceCaption" name="test_caption_is_produced_asynchronously_from_real_speech" time="4.055" /><testcase classname="tests.test_family_unlink.TestWatcherNames" name="test_guardian_name_travels_with_the_pairing_and_can_be_changed" time="1.174" /><testcase classname="tests.test_family_unlink.TestWatcherNames" name="test_pairing_without_a_name_keeps_the_neutral_label" time="0.672" /><testcase classname="tests.test_gate2_message.TestMessageExtract" name="test_image_too_short_422" time="0.122" /><testcase classname="tests.test_gate2_message.TestMessageExtract" name="test_valid_png_200_with_shape" time="4.132" /><testcase classname="tests.test_family_voice.TestVoiceCaption" name="test_unreadable_audio_ends_as_unavailable_not_stuck" time="3.510" /><testcase classname="tests.test_gate7_app.TestPatrolAppDeviceEvents" name="test_create_event[app-A01]" time="0.385" /><testcase classname="tests.test_gate7_app.TestPatrolAppDeviceEvents" name="test_create_event[device-D02]" time="0.386" /><testcase classname="tests.test_gate8_account.TestBreachCheck" name="test_breach_lookup_is_truthful_about_configuration" time="0.312" /><testcase classname="tests.test_gate8_account.TestBreachCheck" name="test_breach_validation" time="0.427" /><testcase classname="tests.test_family_weekly.TestFamilyWeekly" name="test_quiet_week_counts_zero" time="0.903" /><testcase classname="tests.test_voice" name="test_speak_returns_playable_mp3_and_caches" time="0.768" /><testcase classname="tests.test_family_weekly.TestFamilyWeekly" name="test_counts_only_never_headlines" time="1.810" /><testcase classname="tests.test_voice" name="test_speak_validation" time="0.597" /><testcase classname="tests.test_family_nudge.TestNudgeApi" name="test_preview_names_everyone_watched" time="1.129" /><testcase classname="tests.test_family_weekly.TestNoteCallBack" name="test_phone_on_note_and_remembered" time="0.966" /><testcase classname="tests.test_failure_modes.TestStaleCacheNeverServedAsFresh" name="test_expired_cache_row_is_ignored" time="0.447" /><testcase classname="tests.test_family_nudge.TestNudgeScheduler" name="test_only_tuesday_window_and_only_missed" time="0.324" /><testcase classname="tests.test_gate8_account.TestPatrolAccountEvents" name="test_create_account_event" time="0.368" /><testcase classname="tests.test_family_weekly_push.TestWeeklyCheckinScheduler" name="test_window_and_week_key" time="0.298" /><testcase classname="tests.test_iter6_push.TestRegisterPushDev" name="test_valid_body_returns_500_placeholder_key" time="0.299" /><testcase classname="tests.test_gate2_message.TestPatrolEventsGate2" name="test_upsert_and_list_message_event" time="0.452" /></testsuite></testsuites>