<?xml version="1.0" encoding="utf-8"?><testsuites name="pytest tests"><testsuite name="pytest" errors="0" failures="0" skipped="0" tests="15" time="5.789" timestamp="2026-09-05T10:42:10.905732+00:00" hostname="agent-env-c344520a-3bf7-4318-a5a2-68836b7a4140"><testcase classname="tests.test_iter7_quiet_and_phone.TestQuietHoursSettings" name="test_unknown_device_returns_defaults" time="0.159" /><testcase classname="tests.test_iter7_quiet_and_phone.TestFamilyPairPhone" name="test_pair_valid_phone" time="0.136" /><testcase classname="tests.test_iter7_quiet_and_phone.TestFamilyPairPhone" name="test_pair_invalid_phone_400" time="0.082" /><testcase classname="tests.test_iter7_quiet_and_phone.TestQuietHoursSettings" name="test_put_settings_echoes_body" time="0.043" /><testcase classname="tests.test_iter7_quiet_and_phone.TestQuietHoursSettings" name="test_quiet_now_true_when_window_includes_current_utc" time="0.168" /><testcase classname="tests.test_iter7_quiet_and_phone.TestFamilyPairPhone" name="test_pair_omitted_phone_ok" time="0.042" /><testcase classname="tests.test_iter7_quiet_and_phone.TestFamilyPairPhone" name="test_link_and_links_includes_phone" time="0.092" /><testcase classname="tests.test_iter7_quiet_and_phone.TestFamilyPairPhone" name="test_override_phone_success" time="0.133" /><testcase classname="tests.test_iter7_quiet_and_phone.TestQuietHoursSettings" name="test_quiet_now_false_when_window_excludes_current_utc" time="0.126" /><testcase classname="tests.test_iter7_quiet_and_phone.TestFamilyPairPhone" name="test_override_phone_unknown_link_404" time="0.042" /><testcase classname="tests.test_iter7_quiet_and_phone.TestQuietHoursSettings" name="test_overnight_wrap_1320_to_420" time="0.125" /><testcase classname="tests.test_iter7_quiet_and_phone.TestFamilyPairPhone" name="test_shared_event_has_protected_id_and_phone" time="1.091" /><testcase classname="tests.test_iter7_quiet_and_phone.TestPatrolPushSuppression" name="test_growling_bg_true_in_quiet_hours_suppressed" time="1.629" /><testcase classname="tests.test_iter7_quiet_and_phone.TestPatrolPushSuppression" name="test_barking_bg_true_in_quiet_hours_not_suppressed" time="1.633" /><testcase classname="tests.test_iter7_quiet_and_phone.TestPatrolPushSuppression" name="test_growling_bg_false_no_push_attempt" time="1.586" /></testsuite></testsuites>