<?xml version="1.0" encoding="utf-8"?><testsuites name="pytest tests"><testsuite name="pytest" errors="0" failures="0" skipped="0" tests="25" time="20.261" timestamp="2026-09-07T07:49:43.958309+00:00" hostname="agent-env-c344520a-3bf7-4318-a5a2-68836b7a4140"><testcase classname="tests.test_family_unlink.TestUnlinkDevice" name="test_protected_person_removes_a_watcher" time="6.303" /><testcase classname="tests.test_family_unlink.TestUnlinkDevice" name="test_guardian_can_stop_watching_and_strangers_cannot_touch_a_link" time="1.132" /><testcase classname="tests.test_family_unlink.TestUnlinkDevice" name="test_repair_after_unlink_creates_a_fresh_link" time="0.857" /><testcase classname="tests.test_family.TestGuardians" name="test_add_guardian" time="0.463" /><testcase classname="tests.test_family.TestGuardians" name="test_list_guardians" time="0.070" /><testcase classname="tests.test_family.TestGuardians" name="test_add_second_and_third" time="0.486" /><testcase classname="tests.test_family.TestGuardians" name="test_fourth_guardian_400" time="0.069" /><testcase classname="tests.test_family.TestGuardians" name="test_invalid_email_422" time="0.185" /><testcase classname="tests.test_family.TestGuardians" name="test_delete_guardian" time="0.138" /><testcase classname="tests.test_family.TestConfirmToken" name="test_confirm_valid_token" time="0.550" /><testcase classname="tests.test_family.TestConfirmToken" name="test_confirm_invalid_token" time="0.068" /><testcase classname="tests.test_family.TestPairing" name="test_create_pair" time="0.076" /><testcase classname="tests.test_family.TestPairing" name="test_link_device" time="0.201" /><testcase classname="tests.test_family.TestPairing" name="test_reuse_code_404" time="0.071" /><testcase classname="tests.test_family.TestPairing" name="test_link_own_device_400" time="0.136" /><testcase classname="tests.test_family.TestPairing" name="test_links_i_watch" time="0.069" /><testcase classname="tests.test_family.TestPairing" name="test_links_watching_me" time="0.069" /><testcase classname="tests.test_family.TestSharedEvents" name="test_barking_event_shared" time="2.637" /><testcase classname="tests.test_family.TestSharedEvents" name="test_resting_event_not_shared" time="2.147" /><testcase classname="tests.test_family_weekly.TestFamilyWeekly" name="test_quiet_week_counts_zero" time="0.585" /><testcase classname="tests.test_family_weekly.TestFamilyWeekly" name="test_counts_only_never_headlines" time="1.323" /><testcase classname="tests.test_family_weekly.TestNoteCallBack" name="test_phone_on_note_and_remembered" time="0.877" /><testcase classname="tests.test_family_incidents.TestFamilyIncidents" name="test_share_without_links_is_zero" time="0.242" /><testcase classname="tests.test_family_incidents.TestFamilyIncidents" name="test_share_progress_list_get" time="1.080" /><testcase classname="tests.test_family_incidents.TestFamilyIncidents" name="test_validation" time="0.318" /></testsuite></testsuites>