<?xml version="1.0" encoding="utf-8"?><testsuites name="pytest tests"><testsuite name="pytest" errors="0" failures="2" skipped="0" tests="40" time="27.532" timestamp="2026-09-20T04:15:36.433713+00:00" hostname="agent-env-c344520a-3bf7-4318-a5a2-68836b7a4140"><testcase classname="tests.test_enforcement_evidence_gate.TestEnforcementEvidenceGate" name="test_state_biting_with_no_evidence_at_all_is_rejected_not_silently_stored" time="3.519" /><testcase classname="tests.test_p0_outbound_unit" name="test_public_ip_denies_private_and_transition_forms[8.8.8.8-True]" time="0.001" /><testcase classname="tests.test_p0_outbound_unit" name="test_public_ip_denies_private_and_transition_forms[1.1.1.1-True]" time="0.000" /><testcase classname="tests.test_p0_outbound_unit" name="test_public_ip_denies_private_and_transition_forms[127.0.0.1-False]" time="0.000" /><testcase classname="tests.test_p0_outbound_unit" name="test_public_ip_denies_private_and_transition_forms[10.0.0.2-False]" time="0.000" /><testcase classname="tests.test_p0_outbound_unit" name="test_public_ip_denies_private_and_transition_forms[169.254.1.1-False]" time="0.000" /><testcase classname="tests.test_p0_outbound_unit" name="test_parse_target_strictly_validates_scheme_host_port_userinfo" time="0.000" /><testcase classname="tests.test_p0_outbound_unit" name="test_public_stream_pins_numeric_connect_and_preserves_host_sni" time="0.001" /><testcase classname="tests.test_p0_outbound_unit" name="test_private_target_stops_before_socket_transport" time="0.001" /><testcase classname="tests.test_p0_outbound_unit" name="test_public_to_private_redirect_never_opens_private_socket" time="0.001" /><testcase classname="tests.test_p0_outbound_unit" name="test_resolver_reordering_cannot_change_pinned_connect_target" time="0.001" /><testcase classname="tests.test_p0_outbound_unit" name="test_safe_public_success" time="0.001" /><testcase classname="tests.test_p0_outbound_unit" name="test_head_405_then_get_headers_only_no_body_consumption" time="0.001"><failure message="AssertionError: assert ['GET'] == ['HEAD', 'GET']&#10;  &#10;  At index 0 diff: 'GET' != 'HEAD'&#10;  Right contains one more item: 'GET'&#10;  &#10;  Full diff:&#10;    [&#10;  -     'HEAD',&#10;        'GET',&#10;    ]">backend/tests/test_p0_outbound_unit.py:203: in test_head_405_then_get_headers_only_no_body_consumption
    assert methods[:2] == ["HEAD", "GET"]
E   AssertionError: assert ['GET'] == ['HEAD', 'GET']
E     
E     At index 0 diff: 'GET' != 'HEAD'
E     Right contains one more item: 'GET'
E     
E     Full diff:
E       [
E     -     'HEAD',
E           'GET',
E       ]</failure></testcase><testcase classname="tests.test_p0_outbound_unit" name="test_resolve_public_blocks_mixed_dns_answers" time="0.001" /><testcase classname="tests.test_p0_outbound_unit" name="test_bounded_body_rejects_encoded_and_oversized_content" time="0.001" /><testcase classname="tests.test_p0_outbound_unit" name="test_redirect_loop_maxhop_and_deadline" time="12.007" /><testcase classname="tests.test_enforcement_evidence_gate.TestEnforcementEvidenceGate" name="test_state_biting_with_unverified_result_is_rejected_even_with_a_real_mechanism" time="3.350" /><testcase classname="tests.test_enforcement_evidence_gate.TestEnforcementEvidenceGate" name="test_state_biting_with_simulated_mechanism_is_rejected_even_if_result_says_verified" time="11.497" /><testcase classname="tests.test_p0_outbound_unit" name="test_concurrency_permit_released_after_failure" time="0.001" /><testcase classname="tests.test_gate4_call.TestPatrolCallEvents" name="test_create_call_event_returns_200" time="1.285" /><testcase classname="tests.test_gate4_call.TestPatrolCallEvents" name="test_call_event_persists_and_listed" time="2.445" /><testcase classname="tests.test_gate4_call.TestPatrolCallEvents" name="test_call_event_upsert_updates" time="1.357" /><testcase classname="tests.test_gate4_call.TestPatrolCallEvents" name="test_call_event_with_claimed_brand" time="0.297" /><testcase classname="tests.test_gate4_call.TestPatrolCallEvents" name="test_call_event_rejects_bad_state" time="0.241" /><testcase classname="tests.test_p0_outbound_unit" name="test_public_ip_denies_private_and_transition_forms[::1-False]" time="0.000" /><testcase classname="tests.test_p0_outbound_unit" name="test_public_ip_denies_private_and_transition_forms[::ffff:127.0.0.1-False]" time="0.000" /><testcase classname="tests.test_p0_outbound_unit" name="test_public_ip_denies_private_and_transition_forms[2002:c000:0201::-False]" time="0.000" /><testcase classname="tests.test_p0_outbound_unit" name="test_public_ip_denies_private_and_transition_forms[64:ff9b::808:808-False]" time="0.000" /><testcase classname="tests.test_p0_mapper_e2e_fixture" name="test_frontend_mapper_payload_hits_live_patrol_once_and_rejects_changed_reuse" time="0.879"><failure message="AssertionError: {&quot;detail&quot;:&quot;state='biting' requires validated enforcement_evidence (see _derive_verified_block); rejecting rather than persisting an unverified Biting claim. Submit a non-biting state instead.&quot;}&#10;assert 422 == 409&#10; +  where 422 = &lt;Response [422]&gt;.status_code">backend/tests/test_p0_mapper_e2e_fixture.py:158: in test_frontend_mapper_payload_hits_live_patrol_once_and_rejects_changed_reuse
    assert r3.status_code == 409, r3.text
E   AssertionError: {"detail":"state='biting' requires validated enforcement_evidence (see _derive_verified_block); rejecting rather than persisting an unverified Biting claim. Submit a non-biting state instead."}
E   assert 422 == 409
E    +  where 422 = &lt;Response [422]&gt;.status_code</failure></testcase><testcase classname="tests.test_enforcement_evidence_gate.TestEnforcementEvidenceGate" name="test_state_biting_with_none_mechanism_is_rejected" time="0.249" /><testcase classname="tests.test_enforcement_evidence_gate.TestEnforcementEvidenceGate" name="test_state_biting_with_a_monitored_or_allowed_action_is_rejected" time="0.525" /><testcase classname="tests.test_enforcement_evidence_gate.TestEnforcementEvidenceGate" name="test_state_biting_with_evidence_naming_a_different_device_is_rejected" time="4.468" /><testcase classname="tests.test_enforcement_evidence_gate.TestEnforcementEvidenceGate" name="test_manual_block_tap_rule_activation_is_rejected_not_persisted_as_biting" time="0.359" /><testcase classname="tests.test_enforcement_evidence_gate.TestEnforcementEvidenceGate" name="test_fully_valid_evidence_authorises_a_verified_block_and_persists_state_biting" time="0.375" /><testcase classname="tests.test_enforcement_evidence_gate.TestEnforcementEvidenceGate" name="test_evidence_with_no_device_id_named_is_still_valid_everywhere_else" time="0.259" /><testcase classname="tests.test_enforcement_evidence_gate.TestEnforcementEvidenceGate" name="test_non_biting_states_are_never_gated_by_the_biting_invariant" time="0.610" /><testcase classname="tests.test_enforcement_evidence_gate.TestEnforcementEvidenceGate" name="test_re_upserting_the_same_event_as_barking_without_evidence_downgrades_it_from_a_prior_verified_block" time="0.508" /><testcase classname="tests.test_enforcement_evidence_gate.TestEnforcementEvidenceGate" name="test_patch_cannot_promote_a_barking_event_straight_to_biting" time="0.511" /><testcase classname="tests.test_enforcement_evidence_gate.TestEnforcementEvidenceGate" name="test_patch_can_touch_other_fields_on_an_already_verified_biting_event" time="0.380" /><testcase classname="tests.test_enforcement_evidence_gate.TestEnforcementEvidenceGate" name="test_patch_can_no_longer_set_verified_block_directly" time="0.488" /></testsuite></testsuites>