<?xml version="1.0" encoding="utf-8"?><testsuites name="pytest tests"><testsuite name="pytest" errors="0" failures="0" skipped="0" tests="12" time="5.989" timestamp="2026-09-07T04:07:29.029951+00:00" hostname="agent-env-c344520a-3bf7-4318-a5a2-68836b7a4140"><testcase classname="tests.test_device_auth.TestTokenLifecycle" name="test_expired_token_is_rejected_and_recovery_is_a_new_identity" time="1.114" /><testcase classname="tests.test_device_auth.TestCredentialLifecycle" name="test_register_is_server_issued_and_unique" time="0.648" /><testcase classname="tests.test_device_auth.TestCredentialLifecycle" name="test_missing_or_malformed_credentials_fail_closed_401" time="1.098" /><testcase classname="tests.test_device_auth.TestTokenLifecycle" name="test_concurrent_rotation_only_one_winner" time="0.364" /><testcase classname="tests.test_device_auth.TestTokenLifecycle" name="test_revoked_device_never_regains_access" time="0.724" /><testcase classname="tests.test_device_auth.TestCredentialLifecycle" name="test_rotation_is_atomic_and_old_token_dies" time="0.546" /><testcase classname="tests.test_device_auth.TestTokenLifecycle" name="test_email_confirm_link_is_single_use_and_expires" time="1.247" /><testcase classname="tests.test_device_auth.TestCredentialLifecycle" name="test_revocation" time="0.364" /><testcase classname="tests.test_device_auth.TestCredentialLifecycle" name="test_public_paths_stay_public" time="0.272" /><testcase classname="tests.test_device_auth.TestOwnershipEnforcement" name="test_device_id_in_query_path_and_body_must_match_token" time="0.793" /><testcase classname="tests.test_device_auth.TestOwnershipEnforcement" name="test_family_flow_with_two_authenticated_devices" time="1.266" /><testcase classname="tests.test_device_auth.TestOwnershipEnforcement" name="test_legacy_device_ids_cannot_be_claimed" time="0.075" /></testsuite></testsuites>