<?xml version="1.0" encoding="utf-8"?><testsuites name="pytest tests"><testsuite name="pytest" errors="0" failures="0" skipped="0" tests="7" time="2.112" timestamp="2026-09-05T12:04:50.085846+00:00" hostname="agent-env-c344520a-3bf7-4318-a5a2-68836b7a4140"><testcase classname="tests.test_gate3_intel_feedback.TestFeedback" name="test_valid_feedback_created" time="0.342" /><testcase classname="tests.test_gate3_intel_feedback.TestIntelCheckExpand" name="test_shortener_expand_true" time="0.715" /><testcase classname="tests.test_gate3_intel_feedback.TestFeedback" name="test_invalid_kind_422" time="0.052" /><testcase classname="tests.test_gate3_intel_feedback.TestFeedback" name="test_missing_event_id_422" time="0.061" /><testcase classname="tests.test_gate3_intel_feedback.TestIntelCheckExpand" name="test_shortener_expand_false" time="0.049" /><testcase classname="tests.test_gate3_intel_feedback.TestIntelCheckExpand" name="test_known_malicious_expand_true" time="0.171" /><testcase classname="tests.test_gate3_intel_feedback.TestIntelCheckExpand" name="test_non_redirecting_expand_true" time="0.861" /></testsuite></testsuites>