<?xml version="1.0" encoding="utf-8"?><testsuites name="pytest tests"><testsuite name="pytest" errors="0" failures="0" skipped="0" tests="14" time="12.555" timestamp="2026-09-08T17:55:00.444067+00:00" hostname="agent-env-c344520a-3bf7-4318-a5a2-68836b7a4140"><testcase classname="tests.test_apollo_backend" name="test_health" time="0.454" /><testcase classname="tests.test_apollo_backend" name="test_intel_status" time="0.191" /><testcase classname="tests.test_apollo_backend" name="test_device_register" time="0.187" /><testcase classname="tests.test_apollo_backend" name="test_intel_check_malicious" time="0.272" /><testcase classname="tests.test_apollo_backend" name="test_intel_check_cached" time="0.072" /><testcase classname="tests.test_apollo_backend" name="test_intel_check_unknown" time="0.220" /><testcase classname="tests.test_apollo_backend" name="test_intel_check_invalid_scheme" time="0.092" /><testcase classname="tests.test_apollo_backend" name="test_patrol_upsert_and_idempotent" time="0.281" /><testcase classname="tests.test_apollo_backend" name="test_patrol_patch" time="0.089" /><testcase classname="tests.test_apollo_backend" name="test_patrol_soft_delete" time="0.213" /><testcase classname="tests.test_apollo_backend" name="test_trust_add_list_revoke" time="0.392" /><testcase classname="tests.test_apollo_backend" name="test_ask_stream_sse" time="9.508" /><testcase classname="tests.test_apollo_backend" name="test_ask_history" time="0.083" /><testcase classname="tests.test_apollo_backend" name="test_intel_check_batch_mixed" time="0.169" /></testsuite></testsuites>