<?xml version="1.0" encoding="utf-8"?><testsuites name="pytest tests"><testsuite name="pytest" errors="0" failures="0" skipped="0" tests="5" time="1.137" timestamp="2026-09-09T09:16:08.305000+00:00" hostname="agent-env-c344520a-3bf7-4318-a5a2-68836b7a4140"><testcase classname="tests.test_rdap_domain_info.TestDomainInfoBestEffort" name="test_bad_tld_never_fails_request" time="0.250" /><testcase classname="tests.test_rdap_domain_info.TestDomainInfoBasic" name="test_google_domain_info_shape" time="0.260" /><testcase classname="tests.test_rdap_domain_info.TestDomainInfoBasic" name="test_second_call_cached_same_data" time="0.160" /><testcase classname="tests.test_rdap_domain_info.TestDomainInfoBasic" name="test_expand_true_includes_domain_info" time="0.293" /><testcase classname="tests.test_rdap_domain_info.TestDomainInfoBasic" name="test_domain_indicator_type_lookup" time="0.080" /></testsuite></testsuites>