<?xml version="1.0" encoding="utf-8"?><testsuites name="pytest tests"><testsuite name="pytest" errors="0" failures="0" skipped="19" tests="405" time="224.549" timestamp="2026-09-23T10:29:57.297514+00:00" hostname="agent-env-091d7f79-6eb5-4a31-89f2-20f614cda2f3"><testcase classname="tests.test_recovery_fencing" name="test_upload_finalisation_takeover_is_exclusive" time="0.115" /><testcase classname="tests.test_iter33_api_regression" name="test_health_public" time="0.252" /><testcase classname="tests.test_recovery_fencing" name="test_device_submission_stage_claim_is_exclusive_and_renewable" time="0.096" /><testcase classname="tests.test_recovery_fencing" name="test_device_submission_happy_path_still_resumes_the_job" time="0.136" /><testcase classname="tests.test_iter33_api_regression" name="test_intel_status_public" time="0.177" /><testcase classname="tests.test_recovery_fencing" name="test_backfill_work_epochs_is_idempotent_and_revives_nothing" time="0.100" /><testcase classname="tests.test_iter33_api_regression" name="test_docs_ui_loads" time="0.135" /><testcase classname="tests.test_recovery_fencing" name="test_scanned_pdf_page_is_rendered_without_crashing" time="0.153" /><testcase classname="tests.test_iter33_api_regression" name="test_unknown_api_path_returns_stable_status" time="0.126" /><testcase classname="tests.test_recovery_fencing" name="test_coverage_aggregates_across_text_and_image_children" time="0.104" /><testcase classname="tests.test_iter33_api_regression" name="test_no_bearer_returns_401_with_www_authenticate" time="0.135" /><testcase classname="tests.test_recovery_fencing" name="test_truncated_text_never_reaches_examined" time="0.144" /><testcase classname="tests.test_recovery_fencing" name="test_ordinary_partial_read_still_reaches_examined_once_complete" time="0.097" /><testcase classname="tests.test_recovery_fencing" name="test_upload_replay_rejects_a_different_file_under_the_same_client_item" time="0.094" /><testcase classname="tests.test_iter33_api_regression" name="test_devices_me_ok_with_bearer" time="0.246" /><testcase classname="tests.test_recovery_fencing" name="test_upload_replay_binds_to_identical_content_from_a_different_upload" time="0.093" /><testcase classname="tests.test_recovery_fencing" name="test_device_observation_metadata_without_content_is_reingested" time="0.101" /><testcase classname="tests.test_iter33_api_regression" name="test_patrol_events_cross_device_forbidden" time="0.280" /><testcase classname="tests.test_recovery_fencing" name="test_lease_renewal_detects_loss_and_stops_the_work" time="0.197" /><testcase classname="tests.test_iter33_api_regression" name="test_patrol_events_own_device_ok" time="0.122" /><testcase classname="tests.test_recovery_fencing" name="test_device_submission_resumes_from_a_crashed_storing_state" time="0.099" /><testcase classname="tests.test_iter33_api_regression" name="test_intel_check_malicious_url" time="0.160" /><testcase classname="tests.test_recovery_fencing" name="test_device_submission_is_not_acknowledged_before_job_consumes_it" time="0.107" /><testcase classname="tests.test_iter33_api_regression" name="test_intel_check_batch" time="0.176" /><testcase classname="tests.test_recovery_fencing" name="test_incomplete_evidence_attempt_is_invisible_until_root_publication" time="0.096" /><testcase classname="tests.test_recovery_fencing" name="test_device_tool_request_replay_uses_one_durable_request_identity" time="0.093" /><testcase classname="tests.test_iter33_api_regression" name="test_feedback_created" time="0.242" /><testcase classname="tests.test_recovery_fencing" name="test_legacy_content_discard_migration_runs_only_once" time="0.145" /><testcase classname="tests.test_recovery_fencing" name="test_published_evidence_root_cannot_be_discarded_as_incomplete" time="0.096" /><testcase classname="tests.test_iter33_api_regression" name="test_device_settings_put_and_get" time="0.303" /><testcase classname="tests.test_recovery_fencing" name="test_published_root_replays_when_upload_projection_was_interrupted" time="0.102" /><testcase classname="tests.test_recovery_fencing" name="test_stale_cancellation_cannot_clear_a_newer_active_turn" time="0.095" /><testcase classname="tests.test_recovery_fencing" name="test_duplicate_cancellation_is_idempotent_and_cleanup_complete" time="0.091" /><testcase classname="tests.test_iter33_api_regression" name="test_register_push_placeholder" time="0.130" /><testcase classname="tests.test_recovery_fencing" name="test_completion_wins_cancel_race_and_returns_answer_state" time="0.090" /><testcase classname="tests.test_recovery_fencing" name="test_cancelled_narration_removes_partial_audio_chunks" time="0.143" /><testcase classname="tests.test_iter33_api_regression" name="test_push_test_placeholder_returns_error_with_detail" time="0.126" /><testcase classname="tests.test_recovery_fencing" name="test_revoked_family_caption_cannot_republish_transcript" time="0.087" /><testcase classname="tests.test_iter33_api_regression" name="test_admin_ping" time="0.148" /><testcase classname="tests.test_recovery_fencing" name="test_family_voice_submission_identity_is_idempotent" time="0.092" /><testcase classname="tests.test_iter33_api_regression" name="test_admin_stats" time="0.188" /><testcase classname="tests.test_recovery_fencing" name="test_observation_ledger_replay_restores_pending_request" time="0.099" /><testcase classname="tests.test_recovery_fencing" name="test_consumed_observation_repairs_inbox_before_coordinator_wait_check" time="0.094" /><testcase classname="tests.test_iter33_api_regression" name="test_admin_rejects_device_bearer" time="0.120" /><testcase classname="tests.test_recovery_fencing" name="test_document_continuation_removes_only_the_extracted_page_gap" time="0.000" /><testcase classname="tests.test_recovery_fencing" name="test_document_continuation_publishes_a_later_pdf_slice" time="0.167" /><testcase classname="tests.test_iter33_api_regression" name="test_devices_me_rejects_admin_key" time="0.233" /><testcase classname="tests.test_recovery_fencing" name="test_clue_cap_has_replayable_continuation_instead_of_silent_omission" time="0.235" /><testcase classname="tests.test_p0_outbound_unit" name="test_public_ip_denies_private_and_transition_forms[8.8.8.8-True]" time="0.001" /><testcase classname="tests.test_p0_outbound_unit" name="test_public_ip_denies_private_and_transition_forms[1.1.1.1-True]" time="0.000" /><testcase classname="tests.test_p0_outbound_unit" name="test_public_ip_denies_private_and_transition_forms[127.0.0.1-False]" time="0.000" /><testcase classname="tests.test_p0_outbound_unit" name="test_public_ip_denies_private_and_transition_forms[10.0.0.2-False]" time="0.000" /><testcase classname="tests.test_p0_outbound_unit" name="test_public_ip_denies_private_and_transition_forms[169.254.1.1-False]" time="0.000" /><testcase classname="tests.test_p0_outbound_unit" name="test_parse_target_strictly_validates_scheme_host_port_userinfo" time="0.000" /><testcase classname="tests.test_p0_outbound_unit" name="test_public_stream_pins_numeric_connect_and_preserves_host_sni" time="0.001" /><testcase classname="tests.test_p0_outbound_unit" name="test_private_target_stops_before_socket_transport" time="0.001" /><testcase classname="tests.test_p0_outbound_unit" name="test_public_to_private_redirect_never_opens_private_socket" time="0.001" /><testcase classname="tests.test_p0_outbound_unit" name="test_resolver_reordering_cannot_change_pinned_connect_target" time="0.001" /><testcase classname="tests.test_p0_outbound_unit" name="test_safe_public_success" time="0.001" /><testcase classname="tests.test_p0_outbound_unit" name="test_head_405_then_get_headers_only_no_body_consumption" time="0.001" /><testcase classname="tests.test_p0_outbound_unit" name="test_resolve_public_blocks_mixed_dns_answers" time="0.001" /><testcase classname="tests.test_p0_outbound_unit" name="test_bounded_body_rejects_encoded_and_oversized_content" time="0.001" /><testcase classname="tests.test_p0_outbound_unit" name="test_redirect_loop_maxhop_and_deadline" time="12.013" /><testcase classname="tests.test_recovery_fencing" name="test_structured_device_observation_preserves_provenance_fields" time="0.093" /><testcase classname="tests.test_recovery_fencing" name="test_saved_reports_page_and_delete_without_leaking_other_owners" time="0.087" /><testcase classname="tests.test_recovery_fencing" name="test_settings_confirmation_is_user_reported_evidence" time="0.088" /><testcase classname="tests.test_recovery_fencing" name="test_family_audio_orphan_cleanup_retries_and_removes_task" time="0.189" /><testcase classname="tests.test_recovery_fencing" name="test_patrol_investigation_binding_is_owner_scoped_and_idempotent" time="0.086" /><testcase classname="tests.test_recovery_fencing" name="test_background_text_intake_is_idempotent_without_live_provider" time="0.092" /><testcase classname="tests.test_recovery_fencing" name="test_gmail_manual_and_monitored_scans_share_one_cursor_lease" time="0.088" /><testcase classname="tests.test_recovery_fencing" name="test_url_continuation_reads_retained_snapshot_without_refetch" time="0.094" /><testcase classname="tests.test_recovery_fencing" name="test_committed_case_projects_once_into_patrol_without_model_call" time="0.147" /><testcase classname="tests.test_recovery_fencing" name="test_document_continuation_replay_repairs_manifest_and_delivers_images" time="0.110" /><testcase classname="tests.test_recovery_fencing" name="test_publication_manifest_excludes_late_or_wrong_attempt_children" time="0.096" /><testcase classname="tests.test_recovery_fencing" name="test_concurrent_device_results_merge_under_checkpoint_revision" time="0.102" /><testcase classname="tests.test_recovery_fencing" name="test_upload_control_document_fences_publication_takeover" time="0.100" /><testcase classname="tests.test_recovery_fencing" name="test_bounded_tests_prohibit_provider_calls" time="0.080" /><testcase classname="tests.test_recovery_fencing" name="test_ordinary_higgins_chat_creates_no_investigation_records" time="0.145" /><testcase classname="tests.test_recovery_fencing" name="test_explicit_investigation_endpoint_is_the_separate_transition" time="0.093" /><testcase classname="tests.test_recovery_fencing" name="test_higgins_context_is_owner_scoped_redacted_and_fresh_only" time="0.091" /><testcase classname="tests.test_recovery_fencing" name="test_higgins_history_is_owner_scoped_and_redacted" time="0.085" /><testcase classname="tests.test_recovery_fencing" name="test_government_alert_parser_accepts_only_allowlisted_official_links" time="0.001" /><testcase classname="tests.test_recovery_fencing" name="test_image_secret_preflight_preserves_complete_provider_transcription" time="0.001" /><testcase classname="tests.test_enforcement_evidence_gate.TestEnforcementEvidenceGate" name="test_state_biting_with_no_evidence_at_all_is_rejected_not_silently_stored" time="0.429" /><testcase classname="tests.test_enforcement_evidence_gate.TestEnforcementEvidenceGate" name="test_state_biting_with_unverified_result_is_rejected_even_with_a_real_mechanism" time="0.251" /><testcase classname="tests.test_enforcement_evidence_gate.TestEnforcementEvidenceGate" name="test_state_biting_with_simulated_mechanism_is_rejected_even_if_result_says_verified" time="0.272" /><testcase classname="tests.test_enforcement_evidence_gate.TestEnforcementEvidenceGate" name="test_state_biting_with_none_mechanism_is_rejected" time="0.228" /><testcase classname="tests.test_enforcement_evidence_gate.TestEnforcementEvidenceGate" name="test_state_biting_with_a_monitored_or_allowed_action_is_rejected" time="0.666" /><testcase classname="tests.test_enforcement_evidence_gate.TestEnforcementEvidenceGate" name="test_state_biting_with_evidence_naming_a_different_device_is_rejected" time="0.389" /><testcase classname="tests.test_enforcement_evidence_gate.TestEnforcementEvidenceGate" name="test_manual_block_tap_rule_activation_is_rejected_not_persisted_as_biting" time="0.376" /><testcase classname="tests.test_enforcement_evidence_gate.TestEnforcementEvidenceGate" name="test_fully_valid_evidence_authorises_a_verified_block_and_persists_state_biting" time="0.385" /><testcase classname="tests.test_enforcement_evidence_gate.TestEnforcementEvidenceGate" name="test_evidence_with_no_device_id_named_is_still_valid_everywhere_else" time="0.299" /><testcase classname="tests.test_enforcement_evidence_gate.TestEnforcementEvidenceGate" name="test_non_biting_states_are_never_gated_by_the_biting_invariant" time="0.646" /><testcase classname="tests.test_enforcement_evidence_gate.TestEnforcementEvidenceGate" name="test_re_upserting_the_same_event_as_barking_without_evidence_downgrades_it_from_a_prior_verified_block" time="0.581" /><testcase classname="tests.test_enforcement_evidence_gate.TestEnforcementEvidenceGate" name="test_patch_cannot_promote_a_barking_event_straight_to_biting" time="0.560" /><testcase classname="tests.test_enforcement_evidence_gate.TestEnforcementEvidenceGate" name="test_patch_can_touch_other_fields_on_an_already_verified_biting_event" time="1.177" /><testcase classname="tests.test_enforcement_evidence_gate.TestEnforcementEvidenceGate" name="test_patch_can_no_longer_set_verified_block_directly" time="0.399" /><testcase classname="tests.test_family_assist" name="test_missing_cloudflare_token_fails_closed" time="0.000" /><testcase classname="tests.test_family_assist" name="test_generic_coturn_values_never_enable_cloudflare_mode" time="0.000" /><testcase classname="tests.test_family_assist" name="test_valid_cloudflare_fixture_enables_only_view_only_feature" time="0.000" /><testcase classname="tests.test_family_assist" name="test_provider_response_is_strictly_whitelisted[payload0]" time="0.000" /><testcase classname="tests.test_family_assist" name="test_provider_response_is_strictly_whitelisted[payload1]" time="0.000" /><testcase classname="tests.test_family_assist" name="test_provider_response_is_strictly_whitelisted[payload2]" time="0.000" /><testcase classname="tests.test_family_assist" name="test_provider_response_is_strictly_whitelisted[payload3]" time="0.000" /><testcase classname="tests.test_family_assist" name="test_provider_response_is_strictly_whitelisted[payload4]" time="0.000" /><testcase classname="tests.test_family_assist" name="test_cloudflare_request_uses_server_token_and_returns_only_temporary_servers" time="0.001" /><testcase classname="tests.test_family_assist" name="test_issued_credentials_are_one_hour_session_bound_metadata_only" time="0.002" /><testcase classname="tests.test_family_assist" name="test_signaling_schema_is_closed_monotonic_and_allows_bounded_relay_refresh" time="0.000" /><testcase classname="tests.test_family_assist" name="test_no_provider_secret_or_key_id_reaches_frontend_source" time="1.031" /><testcase classname="tests.test_family_assist" name="test_no_media_or_turn_secret_fields_in_durable_session_source" time="0.000" /><testcase classname="tests.test_failure_modes.TestSafeBrowsingDegradation" name="test_timeout_is_unavailable" time="0.001" /><testcase classname="tests.test_failure_modes.TestSafeBrowsingDegradation" name="test_auth_error_is_unavailable_and_short_circuits" time="0.001" /><testcase classname="tests.test_failure_modes.TestSafeBrowsingDegradation" name="test_unreadable_json_is_unavailable" time="0.000" /><testcase classname="tests.test_failure_modes.TestSafeBrowsingDegradation" name="test_wrong_shape_is_unavailable_not_clear[body0]" time="0.000" /><testcase classname="tests.test_failure_modes.TestSafeBrowsingDegradation" name="test_wrong_shape_is_unavailable_not_clear[ok]" time="0.000" /><testcase classname="tests.test_failure_modes.TestSafeBrowsingDegradation" name="test_wrong_shape_is_unavailable_not_clear[body2]" time="0.000" /><testcase classname="tests.test_failure_modes.TestSafeBrowsingDegradation" name="test_wrong_shape_is_unavailable_not_clear[42]" time="0.000" /><testcase classname="tests.test_failure_modes.TestSafeBrowsingDegradation" name="test_5xx_is_unavailable" time="0.001" /><testcase classname="tests.test_failure_modes.TestSafeBrowsingDegradation" name="test_garbage_inside_matches_does_not_crash" time="0.001" /><testcase classname="tests.test_failure_modes.TestSafeBrowsingDegradation" name="test_well_formed_clear_is_clear" time="0.000" /><testcase classname="tests.test_iter4_guardian_ack.TestGuardianReplyFlow" name="test_01_pair" time="0.288" /><testcase classname="tests.test_iter4_guardian_ack.TestGuardianReplyFlow" name="test_02_link" time="0.218" /><testcase classname="tests.test_iter4_guardian_ack.TestGuardianReplyFlow" name="test_03_post_patrol_event" time="0.082" /><testcase classname="tests.test_iter4_guardian_ack.TestGuardianReplyFlow" name="test_04_fanout_visible_to_guardian" time="1.077" /><testcase classname="tests.test_iter4_guardian_ack.TestGuardianReplyFlow" name="test_05_ack_called" time="0.090" /><testcase classname="tests.test_iter4_guardian_ack.TestGuardianReplyFlow" name="test_06_shared_events_shows_ack" time="0.083" /><testcase classname="tests.test_iter4_guardian_ack.TestGuardianReplyFlow" name="test_07_protected_sees_ack_in_acks" time="0.078" /><testcase classname="tests.test_iter4_guardian_ack.TestGuardianReplyFlow" name="test_08_ack_wrong_guardian_404" time="0.194" /><testcase classname="tests.test_iter4_guardian_ack.TestGuardianReplyFlow" name="test_09_ack_bogus_reply_422" time="0.080" /><testcase classname="tests.test_iter4_guardian_ack.TestGuardianReplyFlow" name="test_10_ack_messaged_updates_label" time="0.161" /><testcase classname="tests.test_gmail_production_oauth" name="test_production_callback_and_exact_read_only_authorization_url" time="0.001" /><testcase classname="tests.test_gmail_production_oauth" name="test_post_callback_redirect_is_not_an_open_redirect[apollo://email-True]" time="0.000" /><testcase classname="tests.test_gmail_production_oauth" name="test_post_callback_redirect_is_not_an_open_redirect[https://threat-patrol-1.emergent.host/email-True]" time="0.000" /><testcase classname="tests.test_gmail_production_oauth" name="test_post_callback_redirect_is_not_an_open_redirect[https://attacker.example/steal-False]" time="0.000" /><testcase classname="tests.test_gmail_production_oauth" name="test_post_callback_redirect_is_not_an_open_redirect[https://threat-patrol-1.emergent.host@attacker.example/steal-False]" time="0.000" /><testcase classname="tests.test_gmail_production_oauth" name="test_post_callback_redirect_is_not_an_open_redirect[javascript:alert(1)-False]" time="0.000" /><testcase classname="tests.test_gmail_production_oauth" name="test_token_exchange_rejects_any_scope_set_beyond_gmail_readonly" time="0.001" /><testcase classname="tests.test_gmail_production_oauth" name="test_oauth_state_is_hashed_and_consumed_atomically" time="0.000" /><testcase classname="tests.test_gmail_production_oauth" name="test_unreadable_refresh_grant_is_deleted_without_retry_loop" time="0.002" /><testcase classname="tests.test_p0_policy_regression" name="test_purpose_limited_routes_still_require_device_auth[/page/crawl-payload0]" time="0.109" /><testcase classname="tests.test_p0_outbound_unit" name="test_concurrency_permit_released_after_failure" time="0.001" /><testcase classname="tests.test_apollo_backend" name="test_health" time="0.313" /><testcase classname="tests.test_p0_policy_regression" name="test_purpose_limited_routes_still_require_device_auth[/message/extract-payload1]" time="0.132" /><testcase classname="tests.test_p0_policy_regression" name="test_purpose_limited_routes_still_require_device_auth[/account/breach-payload2]" time="0.127" /><testcase classname="tests.test_apollo_backend" name="test_intel_status" time="0.116" /><testcase classname="tests.test_p0_policy_regression" name="test_purpose_limited_routes_still_require_device_auth[/call/risk-check-payload3]" time="0.102" /><testcase classname="tests.test_apollo_backend" name="test_device_register" time="0.142" /><testcase classname="tests.test_p0_policy_regression" name="test_message_analyse_accepts_explicit_submission_without_claiming_a_block" time="1.142" /><testcase classname="tests.test_apollo_backend" name="test_intel_check_malicious" time="0.317" /><testcase classname="tests.test_apollo_backend" name="test_intel_check_cached" time="0.078" /><testcase classname="tests.test_apollo_backend" name="test_intel_check_unknown" time="0.150" /><testcase classname="tests.test_apollo_backend" name="test_intel_check_invalid_scheme" time="0.075" /><testcase classname="tests.test_apollo_backend" name="test_patrol_upsert_and_idempotent" time="0.229" /><testcase classname="tests.test_apollo_backend" name="test_patrol_patch" time="0.081" /><testcase classname="tests.test_apollo_backend" name="test_patrol_soft_delete" time="0.151" /><testcase classname="tests.test_p0_policy_regression" name="test_account_analyse_returns_evidence_grounded_assessment" time="0.381" /><testcase classname="tests.test_apollo_backend" name="test_trust_add_list_revoke" time="0.336" /><testcase classname="tests.test_p0_policy_regression" name="test_call_screening_event_cannot_claim_biting_without_packet_evidence" time="0.254" /><testcase classname="tests.test_apollo_backend" name="test_ask_stream_sse" time="0.000"><skipped type="pytest.skip" message="credentialed integration; run with APOLLO_RUN_CREDENTIALED_INTEGRATION=1">/app/backend/tests/test_apollo_backend.py:190: credentialed integration; run with APOLLO_RUN_CREDENTIALED_INTEGRATION=1</skipped></testcase><testcase classname="tests.test_apollo_backend" name="test_ask_history" time="0.000"><skipped type="pytest.skip" message="credentialed integration; run with APOLLO_RUN_CREDENTIALED_INTEGRATION=1">/app/backend/tests/test_apollo_backend.py:223: credentialed integration; run with APOLLO_RUN_CREDENTIALED_INTEGRATION=1</skipped></testcase><testcase classname="tests.test_apollo_backend" name="test_intel_check_batch_mixed" time="0.187" /><testcase classname="tests.test_gate7_app.TestAppAnalyse" name="test_remote_access_tool_flagged" time="0.292" /><testcase classname="tests.test_p0_policy_regression" name="test_call_screening_non_biting_persists_normally" time="0.397" /><testcase classname="tests.test_gate7_app.TestAppAnalyse" name="test_brand_impersonation_off_store" time="0.228" /><testcase classname="tests.test_p0_policy_regression" name="test_evidence_receipt_idempotent_and_protects_reuse_with_changed_payload" time="0.612" /><testcase classname="tests.test_gate7_app.TestAppAnalyse" name="test_brand_from_official_store_not_impersonation" time="0.285" /><testcase classname="tests.test_gate7_app.TestAppAnalyse" name="test_security_vendor_recognised" time="0.259" /><testcase classname="tests.test_gate7_app.TestAppAnalyse" name="test_hosts_checked_against_intel" time="0.321" /><testcase classname="tests.test_investigation_engine" name="test_create_idempotency_and_conflict" time="0.161" /><testcase classname="tests.test_investigation_engine" name="test_cross_owner_isolation_and_delete" time="0.339" /><testcase classname="tests.test_gate7_app.TestAppAnalyse" name="test_validation_rejects_empty_name" time="0.248" /><testcase classname="tests.test_investigation_engine" name="test_full_inventory_25_urls_and_long_text" time="0.206" /><testcase classname="tests.test_gate7_app.TestAppAnalyse" name="test_second_opinion_flag_cannot_start_legacy_investigator" time="0.256" /><testcase classname="tests.test_investigation_engine" name="test_file_signature_uses_actual_bytes_and_records_mismatch" time="0.118" /><testcase classname="tests.test_iter6_push.TestFamilyPairingAndAck" name="test_01_pair" time="0.242" /><testcase classname="tests.test_investigation_engine" name="test_secret_redaction_keeps_context" time="0.087" /><testcase classname="tests.test_investigation_engine" name="test_validation_rejects_unknown_refs_but_not_style" time="0.001" /><testcase classname="tests.test_investigation_engine" name="test_turn_requires_key_and_rejects_stale_revision" time="0.143" /><testcase classname="tests.test_iter7_quiet_and_phone.TestFamilyPairPhone" name="test_pair_valid_phone" time="0.240" /><testcase classname="tests.test_iter6_push.TestFamilyPairingAndAck" name="test_02_link" time="0.289" /><testcase classname="tests.test_iter7_quiet_and_phone.TestFamilyPairPhone" name="test_pair_invalid_phone_400" time="0.206" /><testcase classname="tests.test_iter6_push.TestFamilyPairingAndAck" name="test_03_patrol_event_and_fanout" time="1.143" /><testcase classname="tests.test_iter7_quiet_and_phone.TestFamilyPairPhone" name="test_pair_omitted_phone_ok" time="0.190" /><testcase classname="tests.test_iter7_quiet_and_phone.TestFamilyPairPhone" name="test_link_and_links_includes_phone" time="0.337" /><testcase classname="tests.test_iter7_quiet_and_phone.TestFamilyPairPhone" name="test_override_phone_success" time="0.156" /><testcase classname="tests.test_iter7_quiet_and_phone.TestFamilyPairPhone" name="test_override_phone_unknown_link_404" time="0.234" /><testcase classname="tests.test_iter7_quiet_and_phone.TestFamilyPairPhone" name="test_shared_event_has_protected_id_and_phone" time="1.205" /><testcase classname="tests.test_iter6_push.TestFamilyPairingAndAck" name="test_04_ack_called_returns_label" time="0.073" /><testcase classname="tests.test_iter6_push.TestFamilyPairingAndAck" name="test_05_protected_sees_ack" time="0.069" /><testcase classname="tests.test_iter6_push.TestFamilyPairingAndAck" name="test_06_shared_events_shows_acknowledged" time="0.066" /><testcase classname="tests.test_iter6_push.TestFamilyPairingAndAck" name="test_07_ack_unknown_event_returns_404" time="0.074" /><testcase classname="tests.test_admin.TestAdminOperations" name="test_stats_shape" time="0.185" /><testcase classname="tests.test_admin.TestAdminOperations" name="test_devices_listing_never_leaks_token_hashes" time="37.190" /><testcase classname="tests.test_phase2_authoritative_remediation" name="test_c21_registry_declares_exactly_ten_gates_and_tools" time="0.000" /><testcase classname="tests.test_phase2_authoritative_remediation" name="test_c22_device_result_contract_allows_canonical_unavailable_reason_without_leaking_schema_details" time="0.000" /><testcase classname="tests.test_phase2_authoritative_remediation" name="test_c23_chat_contract_and_retention_are_bounded" time="0.002" /><testcase classname="tests.test_phase2_authoritative_remediation" name="test_c24_server_projection_never_turns_an_unverified_claim_into_blocked" time="0.000" /><testcase classname="tests.test_phase2_authoritative_remediation" name="test_c25_catalogue_is_backend_owned_complete_and_import_only" time="0.001" /><testcase classname="tests.test_phase2_authoritative_remediation" name="test_learning_quality_and_permissions_are_explicit" time="0.001" /><testcase classname="tests.test_phase2_authoritative_remediation" name="test_feed_transport_checks_final_allowlisted_host_and_content_type" time="0.000" /><testcase classname="tests.test_family.TestGuardians" name="test_add_guardian" time="0.000"><skipped type="pytest.skip" message="credentialed integration; run with APOLLO_RUN_CREDENTIALED_INTEGRATION=1">/app/backend/tests/test_family.py:50: credentialed integration; run with APOLLO_RUN_CREDENTIALED_INTEGRATION=1</skipped></testcase><testcase classname="tests.test_family.TestGuardians" name="test_list_guardians" time="0.000"><skipped type="pytest.skip" message="credentialed integration; run with APOLLO_RUN_CREDENTIALED_INTEGRATION=1">/app/backend/tests/test_family.py:60: credentialed integration; run with APOLLO_RUN_CREDENTIALED_INTEGRATION=1</skipped></testcase><testcase classname="tests.test_family.TestGuardians" name="test_add_second_and_third" time="0.000"><skipped type="pytest.skip" message="credentialed integration; run with APOLLO_RUN_CREDENTIALED_INTEGRATION=1">/app/backend/tests/test_family.py:67: credentialed integration; run with APOLLO_RUN_CREDENTIALED_INTEGRATION=1</skipped></testcase><testcase classname="tests.test_family.TestGuardians" name="test_fourth_guardian_400" time="0.000"><skipped type="pytest.skip" message="credentialed integration; run with APOLLO_RUN_CREDENTIALED_INTEGRATION=1">/app/backend/tests/test_family.py:75: credentialed integration; run with APOLLO_RUN_CREDENTIALED_INTEGRATION=1</skipped></testcase><testcase classname="tests.test_family.TestGuardians" name="test_invalid_email_422" time="0.000"><skipped type="pytest.skip" message="credentialed integration; run with APOLLO_RUN_CREDENTIALED_INTEGRATION=1">/app/backend/tests/test_family.py:81: credentialed integration; run with APOLLO_RUN_CREDENTIALED_INTEGRATION=1</skipped></testcase><testcase classname="tests.test_family.TestGuardians" name="test_delete_guardian" time="0.000"><skipped type="pytest.skip" message="credentialed integration; run with APOLLO_RUN_CREDENTIALED_INTEGRATION=1">/app/backend/tests/test_family.py:88: credentialed integration; run with APOLLO_RUN_CREDENTIALED_INTEGRATION=1</skipped></testcase><testcase classname="tests.test_family.TestPairing" name="test_create_pair" time="30.387" /><testcase classname="tests.test_family.TestPairing" name="test_link_device" time="0.224" /><testcase classname="tests.test_family.TestPairing" name="test_reuse_code_404" time="0.099" /><testcase classname="tests.test_family.TestPairing" name="test_link_own_device_400" time="0.159" /><testcase classname="tests.test_family.TestPairing" name="test_links_i_watch" time="0.077" /><testcase classname="tests.test_family.TestPairing" name="test_links_watching_me" time="0.093" /><testcase classname="tests.test_managed_email" name="test_managed_email_uses_brand_and_server_key" time="0.002" /><testcase classname="tests.test_managed_email" name="test_email_gate_rejects_unsafe_content[&lt;form&gt;&lt;input name=&quot;password&quot;&gt;&lt;/form&gt;]" time="0.000" /><testcase classname="tests.test_managed_email" name="test_email_gate_rejects_unsafe_content[&lt;a href=&quot;http://example.com&quot;&gt;Open&lt;/a&gt;]" time="0.000" /><testcase classname="tests.test_managed_email" name="test_email_gate_rejects_unsafe_content[&lt;a href=&quot;https://bit.ly/example&quot;&gt;Open&lt;/a&gt;]" time="0.000" /><testcase classname="tests.test_managed_email" name="test_email_gate_rejects_unsafe_content[&lt;a href=&quot;https://apollo.example&quot;&gt;paypal.com&lt;/a&gt;]" time="0.000" /><testcase classname="tests.test_managed_email" name="test_email_configuration_uses_no_resend_secret" time="0.000" /><testcase classname="tests.test_device_auth.TestCredentialLifecycle" name="test_register_is_server_issued_and_unique" time="0.389" /><testcase classname="tests.test_device_auth.TestCredentialLifecycle" name="test_missing_or_malformed_credentials_fail_closed_401" time="0.571" /><testcase classname="tests.test_device_auth.TestCredentialLifecycle" name="test_rotation_is_atomic_and_old_token_dies" time="0.493" /><testcase classname="tests.test_device_auth.TestCredentialLifecycle" name="test_revocation" time="0.460" /><testcase classname="tests.test_device_auth.TestCredentialLifecycle" name="test_public_paths_stay_public" time="0.243" /><testcase classname="tests.test_gate4_call.TestPatrolCallEvents" name="test_create_call_event_returns_200" time="0.251" /><testcase classname="tests.test_gate4_call.TestPatrolCallEvents" name="test_call_event_persists_and_listed" time="0.367" /><testcase classname="tests.test_gate4_call.TestPatrolCallEvents" name="test_call_event_upsert_updates" time="0.387" /><testcase classname="tests.test_gate4_call.TestPatrolCallEvents" name="test_call_event_with_claimed_brand" time="0.242" /><testcase classname="tests.test_gate4_call.TestPatrolCallEvents" name="test_call_event_rejects_bad_state" time="0.240" /><testcase classname="tests.test_gate_gmail.TestGmailConnect" name="test_connect_returns_valid_authorization_url" time="0.261" /><testcase classname="tests.test_gate_gmail.TestGmailConnect" name="test_connect_rejects_invalid_redirect_scheme[javascript://evil]" time="0.101" /><testcase classname="tests.test_gate_gmail.TestGmailConnect" name="test_connect_rejects_invalid_redirect_scheme[ftp://x]" time="0.075" /><testcase classname="tests.test_gate_gmail.TestGmailConnect" name="test_connect_rejects_invalid_redirect_scheme[evil://x]" time="0.075" /><testcase classname="tests.test_gate_gmail.TestGmailConnect" name="test_connect_missing_device_id_is_422" time="0.073" /><testcase classname="tests.test_iter71_purpose_limited_contracts" name="test_link_investigation_contract_redaction_and_truth_state" time="0.429" /><testcase classname="tests.test_iter71_purpose_limited_contracts" name="test_link_investigation_private_target_ssrf_unavailable" time="0.251" /><testcase classname="tests.test_iter71_purpose_limited_contracts" name="test_link_investigation_uncertainty_and_action_are_present" time="0.448" /><testcase classname="tests.test_iter71_purpose_limited_contracts" name="test_account_analyse_contract_redaction_and_processing_fields" time="0.312" /><testcase classname="tests.test_admin.TestAdminOperations" name="test_revoke_from_console_kills_the_device_credential" time="0.915" /><testcase classname="tests.test_iter71_purpose_limited_contracts" name="test_account_breach_contract_response_shape_and_truth_wording" time="0.330" /><testcase classname="tests.test_iter7_quiet_and_phone.TestQuietHoursSettings" name="test_unknown_device_returns_defaults" time="0.294" /><testcase classname="tests.test_iter7_quiet_and_phone.TestQuietHoursSettings" name="test_put_settings_echoes_body" time="0.352" /><testcase classname="tests.test_admin.TestAdminOperations" name="test_blocklist_add_changes_verdicts_immediately_and_remove_restores" time="1.342" /><testcase classname="tests.test_iter7_quiet_and_phone.TestQuietHoursSettings" name="test_quiet_now_true_when_window_includes_current_utc" time="0.342" /><testcase classname="tests.test_iter7_quiet_and_phone.TestQuietHoursSettings" name="test_quiet_now_false_when_window_excludes_current_utc" time="0.322" /><testcase classname="tests.test_iter7_quiet_and_phone.TestQuietHoursSettings" name="test_overnight_wrap_1320_to_420" time="0.315" /><testcase classname="tests.test_phase2_remediation" name="test_learning_library_has_35_backend_owned_articles" time="0.001" /><testcase classname="tests.test_phase2_remediation" name="test_consumer_learning_bundle_contains_no_article_bodies" time="0.000" /><testcase classname="tests.test_phase2_remediation" name="test_registered_chat_context_tools_are_read_only_and_bounded" time="0.000" /><testcase classname="tests.test_phase2_remediation" name="test_new_scams_sources_and_fallback_are_recognised_government_only" time="0.001" /><testcase classname="tests.test_phase2_remediation" name="test_history_is_persisted_by_the_projector_before_case_cleanup" time="0.000" /><testcase classname="tests.test_purpose_limited_investigation" name="test_server_redacts_secret_url_values_but_keeps_assessment_context" time="0.001" /><testcase classname="tests.test_purpose_limited_investigation" name="test_deterministic_extraction_finds_actual_concern" time="0.002" /><testcase classname="tests.test_purpose_limited_investigation" name="test_valid_gemini_exact_response_is_preserved_verbatim" time="0.001" /><testcase classname="tests.test_purpose_limited_investigation" name="test_dns_failure_cannot_be_rewritten_as_site_inactive" time="0.000" /><testcase classname="tests.test_purpose_limited_investigation" name="test_screenshot_upload_is_closed_after_success" time="0.010" /><testcase classname="tests.test_admin.TestAdminKeyBoundary" name="test_missing_and_wrong_key_are_generic_401" time="0.370" /><testcase classname="tests.test_admin.TestAdminOperations" name="test_blocklist_rejects_non_domains" time="0.538" /><testcase classname="tests.test_admin.TestAdminKeyBoundary" name="test_right_key_works" time="0.135" /><testcase classname="tests.test_admin.TestAdminKeyBoundary" name="test_device_bearer_cannot_open_admin" time="1.343" /><testcase classname="tests.test_admin.TestAdminOperations" name="test_feedback_listing" time="0.134" /><testcase classname="tests.test_admin.TestAdminKeyBoundary" name="test_admin_key_cannot_open_device_routes" time="11.482" /><testcase classname="tests.test_benchmark" name="test_batch_shape" time="3.951" /><testcase classname="tests.test_benchmark" name="test_clean_set_false_positives" time="0.000" /><testcase classname="tests.test_benchmark" name="test_blocklisted_threats_detected" time="0.000" /><testcase classname="tests.test_benchmark" name="test_write_report" time="0.001" /><testcase classname="tests.test_email_guard.TestIntelCheckRegression" name="test_clean_domain_expand_false" time="0.163" /><testcase classname="tests.test_email_guard.TestIntelCheckRegression" name="test_clean_domain_expand_true_with_domain_info" time="0.242" /><testcase classname="tests.test_email_guard.TestIntelCheckRegression" name="test_malicious_domain_expand_true" time="0.152" /><testcase classname="tests.test_email_guard.TestIntelCheckRegression" name="test_domain_indicator_type_expand_ignored" time="0.122" /><testcase classname="tests.test_failure_modes.TestCombine" name="test_all_clear_is_clean_full" time="0.000" /><testcase classname="tests.test_failure_modes.TestCombine" name="test_any_unavailable_source_forbids_clean" time="0.000" /><testcase classname="tests.test_failure_modes.TestCombine" name="test_everything_down_is_unknown_none" time="0.000" /><testcase classname="tests.test_failure_modes.TestCombine" name="test_match_survives_a_degraded_source" time="0.000" /><testcase classname="tests.test_family_weekly_push.TestWeeklyCheckinApi" name="test_register_stores_tz_offset" time="0.176" /><testcase classname="tests.test_family_weekly_push.TestWeeklyCheckinApi" name="test_pref_default_on_and_toggle" time="68.862" /><testcase classname="tests.test_device_auth.TestTokenLifecycle" name="test_expired_token_is_rejected_and_recovery_is_a_new_identity" time="8.738" /><testcase classname="tests.test_device_auth.TestTokenLifecycle" name="test_concurrent_rotation_only_one_winner" time="0.314" /><testcase classname="tests.test_device_auth.TestTokenLifecycle" name="test_revoked_device_never_regains_access" time="0.688" /><testcase classname="tests.test_device_auth.TestTokenLifecycle" name="test_email_confirm_link_is_single_use_and_expires" time="0.000"><skipped type="pytest.skip" message="credentialed integration; run with APOLLO_RUN_CREDENTIALED_INTEGRATION=1">/app/backend/tests/test_device_auth.py:142: credentialed integration; run with APOLLO_RUN_CREDENTIALED_INTEGRATION=1</skipped></testcase><testcase classname="tests.test_gate3_intel_feedback.TestIntelCheckExpand" name="test_shortener_expand_true" time="0.553" /><testcase classname="tests.test_gate3_intel_feedback.TestIntelCheckExpand" name="test_shortener_expand_false" time="0.079" /><testcase classname="tests.test_gate3_intel_feedback.TestIntelCheckExpand" name="test_known_malicious_expand_true" time="0.114" /><testcase classname="tests.test_gate3_intel_feedback.TestIntelCheckExpand" name="test_non_redirecting_expand_true" time="0.782" /><testcase classname="tests.test_rdap_domain_info.TestDomainInfoBasic" name="test_google_domain_info_shape" time="0.217" /><testcase classname="tests.test_rdap_domain_info.TestDomainInfoBasic" name="test_second_call_cached_same_data" time="0.153" /><testcase classname="tests.test_rdap_domain_info.TestDomainInfoBasic" name="test_expand_true_includes_domain_info" time="0.280" /><testcase classname="tests.test_rdap_domain_info.TestDomainInfoBasic" name="test_domain_indicator_type_lookup" time="0.111" /><testcase classname="tests.test_device_auth.TestOwnershipEnforcement" name="test_device_id_in_query_path_and_body_must_match_token" time="1.109" /><testcase classname="tests.test_device_auth.TestOwnershipEnforcement" name="test_family_flow_with_two_authenticated_devices" time="69.453" /><testcase classname="tests.test_family_weekly_push.TestWeeklyCheckinApi" name="test_preview_text_matches_screen_wording" time="1.255" /><testcase classname="tests.test_family_weekly_push.TestWeeklyCheckinApi" name="test_send_now_without_relay_is_friendly_error" time="0.947" /><testcase classname="tests.test_email_guard.TestGmailExtractContent" name="test_anchor_mismatch_extracted_from_synthetic_message" time="0.023" /><testcase classname="tests.test_email_guard.TestGmailExtractContent" name="test_multipart_message_with_plain_and_html" time="0.001" /><testcase classname="tests.test_email_guard.TestGmailExtractContent" name="test_no_html_part_no_anchors" time="0.000" /><testcase classname="tests.test_family_incidents.TestFamilyIncidents" name="test_share_without_links_is_zero" time="0.301" /><testcase classname="tests.test_family_incidents.TestFamilyIncidents" name="test_share_progress_list_get" time="1.117" /><testcase classname="tests.test_family_incidents.TestFamilyIncidents" name="test_validation" time="0.341" /><testcase classname="tests.test_family_unlink.TestUnlinkDevice" name="test_protected_person_removes_a_watcher" time="6.387" /><testcase classname="tests.test_family_unlink.TestUnlinkDevice" name="test_guardian_can_stop_watching_and_strangers_cannot_touch_a_link" time="1.203" /><testcase classname="tests.test_family_unlink.TestUnlinkDevice" name="test_repair_after_unlink_creates_a_fresh_link" time="0.883" /><testcase classname="tests.test_family_voice.TestVoiceNote" name="test_guardian_records_and_mum_can_play_with_a_ticket" time="0.000"><skipped type="pytest.skip" message="credentialed integration; run with APOLLO_RUN_CREDENTIALED_INTEGRATION=1">/app/backend/tests/test_family_voice.py:44: credentialed integration; run with APOLLO_RUN_CREDENTIALED_INTEGRATION=1</skipped></testcase><testcase classname="tests.test_family_voice.TestVoiceNote" name="test_tickets_are_note_bound_and_expire_and_strangers_get_nothing" time="0.000"><skipped type="pytest.skip" message="credentialed integration; run with APOLLO_RUN_CREDENTIALED_INTEGRATION=1">/app/backend/tests/test_family_voice.py:61: credentialed integration; run with APOLLO_RUN_CREDENTIALED_INTEGRATION=1</skipped></testcase><testcase classname="tests.test_family_voice.TestVoiceNote" name="test_upload_guardrails" time="0.000"><skipped type="pytest.skip" message="credentialed integration; run with APOLLO_RUN_CREDENTIALED_INTEGRATION=1">/app/backend/tests/test_family_voice.py:75: credentialed integration; run with APOLLO_RUN_CREDENTIALED_INTEGRATION=1</skipped></testcase><testcase classname="tests.test_gate3_intel_feedback.TestFeedback" name="test_valid_feedback_created" time="0.249" /><testcase classname="tests.test_gate3_intel_feedback.TestFeedback" name="test_invalid_kind_422" time="0.074" /><testcase classname="tests.test_gate3_intel_feedback.TestFeedback" name="test_missing_event_id_422" time="0.071" /><testcase classname="tests.test_gate8_account.TestAccountAnalyse" name="test_explicit_account_alert_gets_purpose_limited_investigation" time="0.252" /><testcase classname="tests.test_gate8_account.TestAccountAnalyse" name="test_secret_url_parameters_are_redacted_before_processing" time="0.360" /><testcase classname="tests.test_gate8_account.TestAccountAnalyse" name="test_validation" time="0.232" /><testcase classname="tests.test_investigation_persistence" name="test_crash_after_acceptance_is_repaired_without_second_conclusion" time="0.023" /><testcase classname="tests.test_investigation_persistence" name="test_losing_attempt_cannot_overwrite_accepted_bundle_and_gc_keeps_referenced" time="0.254" /><testcase classname="tests.test_investigation_persistence" name="test_late_content_write_after_delete_is_rejected_and_not_publishable" time="0.021" /><testcase classname="tests.test_iter13_patrol_race" name="test_concurrent_upsert_same_event_id" time="0.421" /><testcase classname="tests.test_iter13_patrol_race" name="test_sequential_upsert_updates_fields" time="0.512" /><testcase classname="tests.test_iter13_patrol_race" name="test_stress_5x_concurrent_no_500" time="0.535" /><testcase classname="tests.test_iter17_email.TestEmailPatrol" name="test_health" time="0.144" /><testcase classname="tests.test_iter17_email.TestEmailPatrol" name="test_patrol_event_email_e01" time="0.767" /><testcase classname="tests.test_iter17_email.TestEmailPatrol" name="test_message_analyse_used_by_email" time="0.359" /><testcase classname="tests.test_iter6_push.TestRegisterPushValidation" name="test_foreign_user_id_is_forbidden" time="0.268" /><testcase classname="tests.test_iter6_push.TestRegisterPushValidation" name="test_bad_platform_returns_422" time="0.246" /><testcase classname="tests.test_iter6_push.TestRegisterPushValidation" name="test_short_device_token_returns_422" time="0.080" /><testcase classname="tests.test_iter6_push.TestPatrolEventsBackground" name="test_biting_with_background_true_returns_200_and_persists" time="0.329" /><testcase classname="tests.test_iter6_push.TestPatrolEventsBackground" name="test_background_defaults_to_false_when_omitted" time="0.229" /><testcase classname="tests.test_iter6_push.TestPatrolEventsBackground" name="test_barking_with_background_true_returns_200" time="0.189" /><testcase classname="tests.test_iter7_quiet_and_phone.TestPatrolPushSuppression" name="test_growling_bg_true_in_quiet_hours_suppressed" time="1.898" /><testcase classname="tests.test_iter7_quiet_and_phone.TestPatrolPushSuppression" name="test_barking_bg_true_in_quiet_hours_not_suppressed" time="31.917" /><testcase classname="tests.test_device_auth.TestOwnershipEnforcement" name="test_legacy_device_ids_cannot_be_claimed" time="0.082" /><testcase classname="tests.test_email_guard.TestMessageAnalyseEnrichment" name="test_google_redirect_has_domain_info_and_chain_fields_present" time="29.264" /><testcase classname="tests.test_email_guard.TestMessageAnalyseEnrichment" name="test_known_malicious_url_still_flagged_with_new_fields" time="0.226" /><testcase classname="tests.test_email_guard.TestMessageAnalyseEnrichment" name="test_multiple_urls_concurrent_ok" time="1.034" /><testcase classname="tests.test_iter7_quiet_and_phone.TestPatrolPushSuppression" name="test_growling_bg_false_no_push_attempt" time="0.358" /><testcase classname="tests.test_p0_patrol_persistence" name="test_historical_call_biting_is_revalidated_and_persistently_downgraded" time="0.236" /><testcase classname="tests.test_maintenance_worker" name="test_cycle_runs_every_component_after_an_independent_failure" time="0.004" /><testcase classname="tests.test_maintenance_worker" name="test_loop_records_stopped_when_supervisor_cancels" time="0.001" /><testcase classname="tests.test_maintenance_worker" name="test_worker_status_normalises_mongo_naive_datetimes" time="0.001" /><testcase classname="tests.test_phase2_contracts" name="test_unavailable_reason_registry_matches_python_contract" time="0.000" /><testcase classname="tests.test_phase2_contracts" name="test_unavailable_device_result_without_reason_is_rejected" time="0.000" /><testcase classname="tests.test_phase2_contracts" name="test_observed_device_result_cannot_claim_unavailability" time="0.000" /><testcase classname="tests.test_user_secret_redaction" name="test_login_secrets_are_redacted_but_risk_context_remains" time="0.000" /><testcase classname="tests.test_user_secret_redaction" name="test_password_reset_phrase_is_not_mistaken_for_a_secret_value" time="0.000" /><testcase classname="tests.test_user_secret_redaction" name="test_higgins_prompt_forbids_requesting_or_repeating_secrets" time="0.000" /><testcase classname="tests.test_admin.TestAuditTrail" name="test_every_console_action_is_logged_with_actor_and_visible_in_stats" time="1.131" /><testcase classname="tests.test_p0_patrol_persistence" name="test_identical_evidence_replay_returns_current_resolved_record_without_overwrite" time="0.509" /><testcase classname="tests.test_p0_patrol_persistence" name="test_replacement_and_cross_event_reuse_conflict_with_concurrent_unique_bindings" time="1.045" /><testcase classname="tests.test_admin.TestAuditTrail" name="test_audit_needs_the_admin_key_and_failed_attempts_write_nothing" time="0.805" /><testcase classname="tests.test_family.TestConfirmToken" name="test_confirm_valid_token" time="0.000"><skipped type="pytest.skip" message="credentialed integration; run with APOLLO_RUN_CREDENTIALED_INTEGRATION=1">/app/backend/tests/test_family.py:101: credentialed integration; run with APOLLO_RUN_CREDENTIALED_INTEGRATION=1</skipped></testcase><testcase classname="tests.test_family.TestConfirmToken" name="test_confirm_invalid_token" time="0.000"><skipped type="pytest.skip" message="credentialed integration; run with APOLLO_RUN_CREDENTIALED_INTEGRATION=1">/app/backend/tests/test_family.py:125: credentialed integration; run with APOLLO_RUN_CREDENTIALED_INTEGRATION=1</skipped></testcase><testcase classname="tests.test_family.TestSharedEvents" name="test_barking_event_shared" time="2.806" /><testcase classname="tests.test_failure_modes.TestHttpFailureClasses" name="test_malformed_request_is_a_4xx_not_a_5xx" time="0.330" /><testcase classname="tests.test_failure_modes.TestHttpFailureClasses" name="test_public_health_needs_no_credential" time="0.115" /><testcase classname="tests.test_family_notes.TestFamilyNotes" name="test_preset_and_custom_notes_visible_to_both" time="1.081" /><testcase classname="tests.test_family_notes.TestFamilyNotes" name="test_validation" time="0.935" /><testcase classname="tests.test_family_unlink.TestWatcherNames" name="test_guardian_name_travels_with_the_pairing_and_can_be_changed" time="1.035" /><testcase classname="tests.test_family.TestSharedEvents" name="test_resting_event_not_shared" time="2.240" /><testcase classname="tests.test_family_unlink.TestWatcherNames" name="test_pairing_without_a_name_keeps_the_neutral_label" time="0.587" /><testcase classname="tests.test_family_voice.TestVoiceCaption" name="test_caption_is_produced_asynchronously_from_real_speech" time="0.000"><skipped type="pytest.skip" message="credentialed integration; run with APOLLO_RUN_CREDENTIALED_INTEGRATION=1">/app/backend/tests/test_family_voice.py:94: credentialed integration; run with APOLLO_RUN_CREDENTIALED_INTEGRATION=1</skipped></testcase><testcase classname="tests.test_family_voice.TestVoiceCaption" name="test_unreadable_audio_ends_as_unavailable_not_stuck" time="0.000"><skipped type="pytest.skip" message="credentialed integration; run with APOLLO_RUN_CREDENTIALED_INTEGRATION=1">/app/backend/tests/test_family_voice.py:116: credentialed integration; run with APOLLO_RUN_CREDENTIALED_INTEGRATION=1</skipped></testcase><testcase classname="tests.test_family_weekly.TestFamilyWeekly" name="test_quiet_week_counts_zero" time="0.571" /><testcase classname="tests.test_family_weekly.TestFamilyWeekly" name="test_counts_only_never_headlines" time="1.654" /><testcase classname="tests.test_family_checkin.TestCheckinReply" name="test_reply_visible_to_both_and_upserts_per_week" time="1.075" /><testcase classname="tests.test_family_checkin.TestCheckinReply" name="test_validation" time="1.156" /><testcase classname="tests.test_gate2_message.TestMessageAnalyse" name="test_explicit_submission_returns_higgins_and_never_claims_a_block" time="0.767" /><testcase classname="tests.test_gate2_message.TestMessageExtract" name="test_screenshot_upload_rejects_non_image" time="0.116" /><testcase classname="tests.test_gate2_message.TestMessageAnalyse" name="test_genuine_message_stays_a_warning_or_clear_not_a_block" time="0.078" /><testcase classname="tests.test_gate2_message.TestMessageExtract" name="test_realistic_screenshot_is_extracted_request_scoped" time="0.000"><skipped type="pytest.skip" message="credentialed integration; run with APOLLO_RUN_CREDENTIALED_INTEGRATION=1">/app/backend/tests/test_gate2_message.py:84: credentialed integration; run with APOLLO_RUN_CREDENTIALED_INTEGRATION=1</skipped></testcase><testcase classname="tests.test_gate3_page_extract" name="test_page_extract_rejects_invalid_image_without_persisting_it" time="0.138" /><testcase classname="tests.test_gate3_page_crawl" name="test_page_crawl_reads_a_public_page_with_bounded_static_inspection" time="0.000"><skipped type="pytest.skip" message="credentialed integration; run with APOLLO_RUN_CREDENTIALED_INTEGRATION=1">/app/backend/tests/test_gate3_page_crawl.py:37: credentialed integration; run with APOLLO_RUN_CREDENTIALED_INTEGRATION=1</skipped></testcase><testcase classname="tests.test_gate3_page_crawl" name="test_page_crawl_contract_is_stable_for_private_input" time="0.225" /><testcase classname="tests.test_gate3_page_extract" name="test_page_extract_schema_rejects_too_short_image" time="0.116" /><testcase classname="tests.test_gate4_callguard_risk.TestCallRiskCheck" name="test_call_risk_lookup_returns_higgins_warning_not_block" time="0.686" /><testcase classname="tests.test_gate7_app.TestPatrolAppDeviceEvents" name="test_create_event[app-A01]" time="0.422" /><testcase classname="tests.test_gate7_app.TestPatrolAppDeviceEvents" name="test_create_event[device-D02]" time="0.393" /><testcase classname="tests.test_gate4_callguard_risk.TestCallRiskCheck" name="test_requires_auth" time="0.148" /><testcase classname="tests.test_gate8_account.TestBreachCheck" name="test_breach_status_is_explicit" time="0.155" /><testcase classname="tests.test_gate_gmail.TestGmailCallback" name="test_callback_bogus_state_returns_400_not_crash" time="0.117" /><testcase classname="tests.test_gate_gmail.TestGmailCallback" name="test_callback_no_state_at_all_returns_400" time="0.062" /><testcase classname="tests.test_gate8_account.TestBreachCheck" name="test_breach_lookup_has_truthful_purpose_limited_contract" time="0.235" /><testcase classname="tests.test_imap_removed" name="test_legacy_imap_routes_are_removed" time="0.478" /><testcase classname="tests.test_gate_gmail.TestGmailDisconnect" name="test_disconnect_with_no_existing_connection_succeeds" time="0.293" /><testcase classname="tests.test_imap_removed" name="test_frontend_has_no_mailbox_username_or_password_collection" time="0.001" /><testcase classname="tests.test_link_investigation" name="test_link_investigation_redacts_secrets_and_returns_higgins" time="0.328" /><testcase classname="tests.test_gate_gmail.TestGmailDisconnect" name="test_status_still_disconnected_after_delete" time="0.066" /><testcase classname="tests.test_p0_outbound_unit" name="test_public_ip_denies_private_and_transition_forms[::1-False]" time="0.001" /><testcase classname="tests.test_p0_outbound_unit" name="test_public_ip_denies_private_and_transition_forms[::ffff:127.0.0.1-False]" time="0.000" /><testcase classname="tests.test_voice" name="test_speak_returns_owner_scoped_wav" time="0.000"><skipped type="pytest.skip" message="credentialed integration; run with APOLLO_RUN_CREDENTIALED_INTEGRATION=1">/app/backend/tests/test_voice.py:24: credentialed integration; run with APOLLO_RUN_CREDENTIALED_INTEGRATION=1</skipped></testcase><testcase classname="tests.test_voice" name="test_speak_validation" time="0.464" /><testcase classname="tests.test_link_investigation" name="test_link_investigation_keeps_private_target_unresolved" time="0.330" /><testcase classname="tests.test_failure_modes.TestStaleCacheNeverServedAsFresh" name="test_expired_cache_row_is_ignored" time="0.299" /><testcase classname="tests.test_round1_investigation_prompt" name="test_empty_evidence_cannot_become_an_observed_malicious_content_claim" time="0.001" /><testcase classname="tests.test_round1_investigation_prompt" name="test_prompt_allows_revising_apollo_findings_but_forbids_invented_protective_actions" time="0.000" /><testcase classname="tests.test_family_weekly.TestNoteCallBack" name="test_phone_on_note_and_remembered" time="0.899" /><testcase classname="tests.test_family_nudge.TestNudgeApi" name="test_preview_names_everyone_watched" time="1.119" /><testcase classname="tests.test_family_weekly_push.TestWeeklyCheckinScheduler" name="test_window_and_week_key" time="1.039" /><testcase classname="tests.test_family_nudge.TestNudgeScheduler" name="test_only_tuesday_window_and_only_missed" time="1.128" /><testcase classname="tests.test_gate2_message.TestPatrolEventsGate2" name="test_upsert_and_list_message_event" time="0.327" /><testcase classname="tests.test_gate_gmail.TestGmailStatus" name="test_status_before_connection" time="0.253" /><testcase classname="tests.test_gate8_account.TestPatrolAccountEvents" name="test_create_account_event" time="0.251" /><testcase classname="tests.test_iter6_push.TestRegisterPushDev" name="test_valid_body_without_owner_push_credentials_is_typed_503" time="0.221" /><testcase classname="tests.test_gate_gmail.TestGmailScan" name="test_scan_without_connection_returns_404" time="0.316" /><testcase classname="tests.test_mailbox_monitor" name="test_enabled_mailbox_monitor_is_shared_summary_only_and_idempotent" time="0.021" /><testcase classname="tests.test_p0_mapper_e2e_fixture" name="test_frontend_mapper_payload_hits_live_patrol_once_and_rejects_changed_reuse" time="20.635" /><testcase classname="tests.test_p0_evidence_receipt_indexes" name="test_evidence_receipt_unique_indexes_exist_in_mongo" time="0.003" /><testcase classname="tests.test_p0_outbound_unit" name="test_public_ip_denies_private_and_transition_forms[2002:c000:0201::-False]" time="0.001" /><testcase classname="tests.test_p0_outbound_unit" name="test_public_ip_denies_private_and_transition_forms[64:ff9b::808:808-False]" time="0.001" /><testcase classname="tests.test_rdap_domain_info.TestDomainInfoBestEffort" name="test_bad_tld_never_fails_request" time="0.255" /></testsuite></testsuites>