<?xml version="1.0" encoding="utf-8"?><testsuites name="pytest tests"><testsuite name="pytest" errors="0" failures="0" skipped="0" tests="17" time="4.873" timestamp="2026-09-23T14:56:08.991712+00:00" hostname="agent-env-091d7f79-6eb5-4a31-89f2-20f614cda2f3"><testcase classname="tests.test_family_assist" name="test_missing_cloudflare_token_fails_closed" time="0.293" /><testcase classname="tests.test_family.TestGuardians" name="test_invalid_email_422" time="0.866" /><testcase classname="tests.test_family_assist" name="test_generic_coturn_values_never_enable_cloudflare_mode" time="0.000" /><testcase classname="tests.test_family_assist" name="test_valid_cloudflare_fixture_enables_only_view_only_feature" time="0.000" /><testcase classname="tests.test_family_assist" name="test_provider_response_is_strictly_whitelisted[payload0]" time="0.000" /><testcase classname="tests.test_family_assist" name="test_provider_response_is_strictly_whitelisted[payload1]" time="0.000" /><testcase classname="tests.test_family_assist" name="test_provider_response_is_strictly_whitelisted[payload2]" time="0.000" /><testcase classname="tests.test_family_assist" name="test_provider_response_is_strictly_whitelisted[payload3]" time="0.000" /><testcase classname="tests.test_family_assist" name="test_provider_response_is_strictly_whitelisted[payload4]" time="0.000" /><testcase classname="tests.test_family_assist" name="test_cloudflare_request_uses_server_token_and_returns_only_temporary_servers" time="0.001" /><testcase classname="tests.test_family_assist" name="test_issued_credentials_are_one_hour_session_bound_metadata_only" time="0.002" /><testcase classname="tests.test_family_assist" name="test_signaling_schema_is_closed_monotonic_and_allows_bounded_relay_refresh" time="0.000" /><testcase classname="tests.test_family_assist" name="test_no_provider_secret_or_key_id_reaches_frontend_source" time="1.216" /><testcase classname="tests.test_family.TestConfirmToken" name="test_confirm_invalid_token" time="0.149" /><testcase classname="tests.test_family_voice.TestVoiceNote" name="test_upload_guardrails" time="3.007" /><testcase classname="tests.test_family_assist" name="test_no_media_or_turn_secret_fields_in_durable_session_source" time="0.001" /><testcase classname="tests.test_family_assist" name="test_native_signaling_pause_resume_stop_failure_and_helper_leave_are_state_fenced" time="0.000" /></testsuite></testsuites>